2025-11-21 20:07:40.160 xcodebuild[3643:4391742] [MT] DVTSDK: Skipped SDK /Applications/Xcode.app/Contents/Developer/Platforms/MacOSX.platform/Developer/SDKs/MacOSX10.7.sdk; its version (10.7) is below required minimum (14.0) for the macosx platform.
Command line invocation:
    /Applications/Xcode.app/Contents/Developer/usr/bin/xcodebuild test -scheme Hermes -destination platform=macOS

2025-11-21 20:07:40.682 xcodebuild[3643:4391782]  DVTDeviceOperation: Encountered a build number "" that is incompatible with DVTBuildVersion.
2025-11-21 20:07:40.807 xcodebuild[3643:4391742] [MT] DVTDeviceOperation: Encountered a build number "" that is incompatible with DVTBuildVersion.
--- xcodebuild: WARNING: Using the first of multiple matching destinations:
{ platform:macOS, arch:arm64, id:00008103-001E249E2130801E, name:My Mac }
{ platform:macOS, arch:x86_64, id:00008103-001E249E2130801E, name:My Mac }
ComputePackagePrebuildTargetDependencyGraph

Prepare packages

CreateBuildRequest

SendProjectDescription

CreateBuildOperation

ComputeTargetDependencyGraph
note: Building targets in dependency order
note: Target dependency graph (2 targets)
    Target 'HermesTests' in project 'Hermes'
        ➜ Explicit dependency on target 'Hermes' in project 'Hermes'
    Target 'Hermes' in project 'Hermes' (no dependencies)

GatherProvisioningInputs

CreateBuildDescription

ExecuteExternalTool /Applications/Xcode.app/Contents/Developer/usr/bin/ibtool --version --output-format xml1

ExecuteExternalTool /Applications/Xcode.app/Contents/Developer/Toolchains/XcodeDefault.xctoolchain/usr/bin/clang -v -E -dM -isysroot /Applications/Xcode.app/Contents/Developer/Platforms/MacOSX.platform/Developer/SDKs/MacOSX15.5.sdk -x c -c /dev/null

ExecuteExternalTool /Applications/Xcode.app/Contents/Developer/Toolchains/XcodeDefault.xctoolchain/usr/bin/clang -v -E -dM -arch arm64 -isysroot /Applications/Xcode.app/Contents/Developer/Platforms/MacOSX.platform/Developer/SDKs/MacOSX15.5.sdk -x c -c /dev/null

ExecuteExternalTool /Applications/Xcode.app/Contents/Developer/Toolchains/XcodeDefault.xctoolchain/usr/bin/clang -v -E -dM -arch arm64 -isysroot /Applications/Xcode.app/Contents/Developer/Platforms/MacOSX.platform/Developer/SDKs/MacOSX15.5.sdk -x objective-c -c /dev/null

ExecuteExternalTool /Applications/Xcode.app/Contents/Developer/Toolchains/XcodeDefault.xctoolchain/usr/bin/swiftc --version

ExecuteExternalTool /Applications/Xcode.app/Contents/Developer/Toolchains/XcodeDefault.xctoolchain/usr/bin/ld -version_details

Build description signature: a49b288ba425e38676095beff4caaae4
Build description path: /Users/user2/Library/Developer/Xcode/DerivedData/Hermes-gayrmdhfnqltfgffycgkcqztcdfv/Build/Intermediates.noindex/XCBuildData/a49b288ba425e38676095beff4caaae4.xcbuilddata
ClangStatCache /Applications/Xcode.app/Contents/Developer/Toolchains/XcodeDefault.xctoolchain/usr/bin/clang-stat-cache /Applications/Xcode.app/Contents/Developer/Platforms/MacOSX.platform/Developer/SDKs/MacOSX15.5.sdk /Users/user2/Library/Developer/Xcode/DerivedData/SDKStatCaches.noindex/macosx15.5-24F74-8254517eb8b97d462ccbc072ba9094c9.sdkstatcache
    cd /Users/user2/Downloads/PersonalProgAppsWorking/Hermes-master/Hermes.xcodeproj
    /Applications/Xcode.app/Contents/Developer/Toolchains/XcodeDefault.xctoolchain/usr/bin/clang-stat-cache /Applications/Xcode.app/Contents/Developer/Platforms/MacOSX.platform/Developer/SDKs/MacOSX15.5.sdk -o /Users/user2/Library/Developer/Xcode/DerivedData/SDKStatCaches.noindex/macosx15.5-24F74-8254517eb8b97d462ccbc072ba9094c9.sdkstatcache

note: Disabling previews because SWIFT_VERSION is set and SWIFT_OPTIMIZATION_LEVEL=-O, expected -Onone (in target 'HermesTests' from project 'Hermes')
warning: Skipping duplicate build file in Compile Sources build phase: /Users/user2/Downloads/PersonalProgAppsWorking/Hermes-master/HermesTests/StationsControllerTests.m (in target 'HermesTests' from project 'Hermes')
WriteAuxiliaryFile /Users/user2/Library/Developer/Xcode/DerivedData/Hermes-gayrmdhfnqltfgffycgkcqztcdfv/Build/Intermediates.noindex/Hermes.build/Debug/HermesTests.build/Objects-normal/arm64/HermesTests.LinkFileList (in target 'HermesTests' from project 'Hermes')
    cd /Users/user2/Downloads/PersonalProgAppsWorking/Hermes-master
    write-file /Users/user2/Library/Developer/Xcode/DerivedData/Hermes-gayrmdhfnqltfgffycgkcqztcdfv/Build/Intermediates.noindex/Hermes.build/Debug/HermesTests.build/Objects-normal/arm64/HermesTests.LinkFileList

ScanDependencies /Users/user2/Library/Developer/Xcode/DerivedData/Hermes-gayrmdhfnqltfgffycgkcqztcdfv/Build/Intermediates.noindex/Hermes.build/Debug/HermesTests.build/Objects-normal/arm64/AudioStreamerRaceConditionTests.o /Users/user2/Downloads/PersonalProgAppsWorking/Hermes-master/HermesTests/AudioStreamerRaceConditionTests.m normal arm64 objective-c com.apple.compilers.llvm.clang.1_0.compiler (in target 'HermesTests' from project 'Hermes')
    cd /Users/user2/Downloads/PersonalProgAppsWorking/Hermes-master
    
    Using response file: /Users/user2/Library/Developer/Xcode/DerivedData/Hermes-gayrmdhfnqltfgffycgkcqztcdfv/Build/Intermediates.noindex/Hermes.build/Debug/HermesTests.build/Objects-normal/arm64/e6072d4f65d7061329687fe24e3d63a7-common-args.resp
    
    builtin-ScanDependencies -o /Users/user2/Library/Developer/Xcode/DerivedData/Hermes-gayrmdhfnqltfgffycgkcqztcdfv/Build/Intermediates.noindex/Hermes.build/Debug/HermesTests.build/Objects-normal/arm64/AudioStreamerRaceConditionTests.o.scan -- /Applications/Xcode.app/Contents/Developer/Toolchains/XcodeDefault.xctoolchain/usr/bin/clang -x objective-c -ivfsstatcache /Users/user2/Library/Developer/Xcode/DerivedData/SDKStatCaches.noindex/macosx15.5-24F74-8254517eb8b97d462ccbc072ba9094c9.sdkstatcache -fmessage-length\=0 -fdiagnostics-show-note-include-stack -fmacro-backtrace-limit\=0 -fno-color-diagnostics -fmodules-prune-interval\=86400 -fmodules-prune-after\=345600 -fbuild-session-file\=/Users/user2/Library/Developer/Xcode/DerivedData/ModuleCache.noindex/Session.modulevalidation -fmodules-validate-once-per-build-session -Wnon-modular-include-in-framework-module -Werror\=non-modular-include-in-framework-module -Wno-trigraphs -Werror -Wno-missing-field-initializers -Wno-missing-prototypes -Werror\=return-type -Wdocumentation -Wunreachable-code -Wquoted-include-in-framework-header -Wno-implicit-atomic-properties -Werror\=deprecated-objc-isa-usage -Wno-objc-interface-ivars -Werror\=objc-root-class -Wno-arc-repeated-use-of-weak -Wimplicit-retain-self -Wduplicate-method-match -Wno-missing-braces -Wparentheses -Wswitch -Wunused-function -Wno-unused-label -Wno-unused-parameter -Wunused-variable -Wunused-value -Wempty-body -Wuninitialized -Wconditional-uninitialized -Wno-unknown-pragmas -Wno-shadow -Wno-four-char-constants -Wno-conversion -Wconstant-conversion -Wint-conversion -Wbool-conversion -Wenum-conversion -Wno-float-conversion -Wnon-literal-null-conversion -Wobjc-literal-conversion -Wshorten-64-to-32 -Wpointer-sign -Wno-newline-eof -Wno-selector -Wno-strict-selector-match -Wundeclared-selector -Wdeprecated-implementations -Wno-implicit-fallthrough -fstrict-aliasing -Wprotocol -Wdeprecated-declarations -Wno-sign-conversion -Winfinite-recursion -Wcomma -Wblock-capture-autoreleasing -Wstrict-prototypes -Wno-semicolon-before-method-body -Wunguarded-availability -index-store-path /Users/user2/Library/Developer/Xcode/DerivedData/Hermes-gayrmdhfnqltfgffycgkcqztcdfv/Index.noindex/DataStore -Wall @/Users/user2/Library/Developer/Xcode/DerivedData/Hermes-gayrmdhfnqltfgffycgkcqztcdfv/Build/Intermediates.noindex/Hermes.build/Debug/HermesTests.build/Objects-normal/arm64/e6072d4f65d7061329687fe24e3d63a7-common-args.resp -MMD -MT dependencies -MF /Users/user2/Library/Developer/Xcode/DerivedData/Hermes-gayrmdhfnqltfgffycgkcqztcdfv/Build/Intermediates.noindex/Hermes.build/Debug/HermesTests.build/Objects-normal/arm64/AudioStreamerRaceConditionTests.d --serialize-diagnostics /Users/user2/Library/Developer/Xcode/DerivedData/Hermes-gayrmdhfnqltfgffycgkcqztcdfv/Build/Intermediates.noindex/Hermes.build/Debug/HermesTests.build/Objects-normal/arm64/AudioStreamerRaceConditionTests.dia -c /Users/user2/Downloads/PersonalProgAppsWorking/Hermes-master/HermesTests/AudioStreamerRaceConditionTests.m -o /Users/user2/Library/Developer/Xcode/DerivedData/Hermes-gayrmdhfnqltfgffycgkcqztcdfv/Build/Intermediates.noindex/Hermes.build/Debug/HermesTests.build/Objects-normal/arm64/AudioStreamerRaceConditionTests.o -index-unit-output-path /Hermes.build/Debug/HermesTests.build/Objects-normal/arm64/AudioStreamerRaceConditionTests.o

ProcessInfoPlistFile /Users/user2/Library/Developer/Xcode/DerivedData/Hermes-gayrmdhfnqltfgffycgkcqztcdfv/Build/Products/Debug/Hermes.app/Contents/Info.plist /Users/user2/Downloads/PersonalProgAppsWorking/Hermes-master/Resources/Hermes-Info.plist (in target 'Hermes' from project 'Hermes')
    cd /Users/user2/Downloads/PersonalProgAppsWorking/Hermes-master
    builtin-infoPlistUtility /Users/user2/Downloads/PersonalProgAppsWorking/Hermes-master/Resources/Hermes-Info.plist -producttype com.apple.product-type.application -genpkginfo /Users/user2/Library/Developer/Xcode/DerivedData/Hermes-gayrmdhfnqltfgffycgkcqztcdfv/Build/Products/Debug/Hermes.app/Contents/PkgInfo -expandbuildsettings -platform macosx -additionalcontentfile /Users/user2/Library/Developer/Xcode/DerivedData/Hermes-gayrmdhfnqltfgffycgkcqztcdfv/Build/Intermediates.noindex/Hermes.build/Debug/Hermes.build/Base.lproj/MainMenu-PartialInfo.plist -o /Users/user2/Library/Developer/Xcode/DerivedData/Hermes-gayrmdhfnqltfgffycgkcqztcdfv/Build/Products/Debug/Hermes.app/Contents/Info.plist

ScanDependencies /Users/user2/Library/Developer/Xcode/DerivedData/Hermes-gayrmdhfnqltfgffycgkcqztcdfv/Build/Intermediates.noindex/Hermes.build/Debug/HermesTests.build/Objects-normal/arm64/AudioStreamerRetryTests.o /Users/user2/Downloads/PersonalProgAppsWorking/Hermes-master/HermesTests/AudioStreamerRetryTests.m normal arm64 objective-c com.apple.compilers.llvm.clang.1_0.compiler (in target 'HermesTests' from project 'Hermes')
    cd /Users/user2/Downloads/PersonalProgAppsWorking/Hermes-master
    
    Using response file: /Users/user2/Library/Developer/Xcode/DerivedData/Hermes-gayrmdhfnqltfgffycgkcqztcdfv/Build/Intermediates.noindex/Hermes.build/Debug/HermesTests.build/Objects-normal/arm64/e6072d4f65d7061329687fe24e3d63a7-common-args.resp
    
    builtin-ScanDependencies -o /Users/user2/Library/Developer/Xcode/DerivedData/Hermes-gayrmdhfnqltfgffycgkcqztcdfv/Build/Intermediates.noindex/Hermes.build/Debug/HermesTests.build/Objects-normal/arm64/AudioStreamerRetryTests.o.scan -- /Applications/Xcode.app/Contents/Developer/Toolchains/XcodeDefault.xctoolchain/usr/bin/clang -x objective-c -ivfsstatcache /Users/user2/Library/Developer/Xcode/DerivedData/SDKStatCaches.noindex/macosx15.5-24F74-8254517eb8b97d462ccbc072ba9094c9.sdkstatcache -fmessage-length\=0 -fdiagnostics-show-note-include-stack -fmacro-backtrace-limit\=0 -fno-color-diagnostics -fmodules-prune-interval\=86400 -fmodules-prune-after\=345600 -fbuild-session-file\=/Users/user2/Library/Developer/Xcode/DerivedData/ModuleCache.noindex/Session.modulevalidation -fmodules-validate-once-per-build-session -Wnon-modular-include-in-framework-module -Werror\=non-modular-include-in-framework-module -Wno-trigraphs -Werror -Wno-missing-field-initializers -Wno-missing-prototypes -Werror\=return-type -Wdocumentation -Wunreachable-code -Wquoted-include-in-framework-header -Wno-implicit-atomic-properties -Werror\=deprecated-objc-isa-usage -Wno-objc-interface-ivars -Werror\=objc-root-class -Wno-arc-repeated-use-of-weak -Wimplicit-retain-self -Wduplicate-method-match -Wno-missing-braces -Wparentheses -Wswitch -Wunused-function -Wno-unused-label -Wno-unused-parameter -Wunused-variable -Wunused-value -Wempty-body -Wuninitialized -Wconditional-uninitialized -Wno-unknown-pragmas -Wno-shadow -Wno-four-char-constants -Wno-conversion -Wconstant-conversion -Wint-conversion -Wbool-conversion -Wenum-conversion -Wno-float-conversion -Wnon-literal-null-conversion -Wobjc-literal-conversion -Wshorten-64-to-32 -Wpointer-sign -Wno-newline-eof -Wno-selector -Wno-strict-selector-match -Wundeclared-selector -Wdeprecated-implementations -Wno-implicit-fallthrough -fstrict-aliasing -Wprotocol -Wdeprecated-declarations -Wno-sign-conversion -Winfinite-recursion -Wcomma -Wblock-capture-autoreleasing -Wstrict-prototypes -Wno-semicolon-before-method-body -Wunguarded-availability -index-store-path /Users/user2/Library/Developer/Xcode/DerivedData/Hermes-gayrmdhfnqltfgffycgkcqztcdfv/Index.noindex/DataStore -Wall @/Users/user2/Library/Developer/Xcode/DerivedData/Hermes-gayrmdhfnqltfgffycgkcqztcdfv/Build/Intermediates.noindex/Hermes.build/Debug/HermesTests.build/Objects-normal/arm64/e6072d4f65d7061329687fe24e3d63a7-common-args.resp -MMD -MT dependencies -MF /Users/user2/Library/Developer/Xcode/DerivedData/Hermes-gayrmdhfnqltfgffycgkcqztcdfv/Build/Intermediates.noindex/Hermes.build/Debug/HermesTests.build/Objects-normal/arm64/AudioStreamerRetryTests.d --serialize-diagnostics /Users/user2/Library/Developer/Xcode/DerivedData/Hermes-gayrmdhfnqltfgffycgkcqztcdfv/Build/Intermediates.noindex/Hermes.build/Debug/HermesTests.build/Objects-normal/arm64/AudioStreamerRetryTests.dia -c /Users/user2/Downloads/PersonalProgAppsWorking/Hermes-master/HermesTests/AudioStreamerRetryTests.m -o /Users/user2/Library/Developer/Xcode/DerivedData/Hermes-gayrmdhfnqltfgffycgkcqztcdfv/Build/Intermediates.noindex/Hermes.build/Debug/HermesTests.build/Objects-normal/arm64/AudioStreamerRetryTests.o -index-unit-output-path /Hermes.build/Debug/HermesTests.build/Objects-normal/arm64/AudioStreamerRetryTests.o

CompileC /Users/user2/Library/Developer/Xcode/DerivedData/Hermes-gayrmdhfnqltfgffycgkcqztcdfv/Build/Intermediates.noindex/Hermes.build/Debug/HermesTests.build/Objects-normal/arm64/AudioStreamerRaceConditionTests.o /Users/user2/Downloads/PersonalProgAppsWorking/Hermes-master/HermesTests/AudioStreamerRaceConditionTests.m normal arm64 objective-c com.apple.compilers.llvm.clang.1_0.compiler (in target 'HermesTests' from project 'Hermes')
    cd /Users/user2/Downloads/PersonalProgAppsWorking/Hermes-master
    
    Using response file: /Users/user2/Library/Developer/Xcode/DerivedData/Hermes-gayrmdhfnqltfgffycgkcqztcdfv/Build/Intermediates.noindex/Hermes.build/Debug/HermesTests.build/Objects-normal/arm64/e6072d4f65d7061329687fe24e3d63a7-common-args.resp
    
    /Applications/Xcode.app/Contents/Developer/Toolchains/XcodeDefault.xctoolchain/usr/bin/clang -x objective-c -ivfsstatcache /Users/user2/Library/Developer/Xcode/DerivedData/SDKStatCaches.noindex/macosx15.5-24F74-8254517eb8b97d462ccbc072ba9094c9.sdkstatcache -fmessage-length\=0 -fdiagnostics-show-note-include-stack -fmacro-backtrace-limit\=0 -fno-color-diagnostics -fmodules-prune-interval\=86400 -fmodules-prune-after\=345600 -fbuild-session-file\=/Users/user2/Library/Developer/Xcode/DerivedData/ModuleCache.noindex/Session.modulevalidation -fmodules-validate-once-per-build-session -Wnon-modular-include-in-framework-module -Werror\=non-modular-include-in-framework-module -Wno-trigraphs -Werror -Wno-missing-field-initializers -Wno-missing-prototypes -Werror\=return-type -Wdocumentation -Wunreachable-code -Wquoted-include-in-framework-header -Wno-implicit-atomic-properties -Werror\=deprecated-objc-isa-usage -Wno-objc-interface-ivars -Werror\=objc-root-class -Wno-arc-repeated-use-of-weak -Wimplicit-retain-self -Wduplicate-method-match -Wno-missing-braces -Wparentheses -Wswitch -Wunused-function -Wno-unused-label -Wno-unused-parameter -Wunused-variable -Wunused-value -Wempty-body -Wuninitialized -Wconditional-uninitialized -Wno-unknown-pragmas -Wno-shadow -Wno-four-char-constants -Wno-conversion -Wconstant-conversion -Wint-conversion -Wbool-conversion -Wenum-conversion -Wno-float-conversion -Wnon-literal-null-conversion -Wobjc-literal-conversion -Wshorten-64-to-32 -Wpointer-sign -Wno-newline-eof -Wno-selector -Wno-strict-selector-match -Wundeclared-selector -Wdeprecated-implementations -Wno-implicit-fallthrough -fstrict-aliasing -Wprotocol -Wdeprecated-declarations -Wno-sign-conversion -Winfinite-recursion -Wcomma -Wblock-capture-autoreleasing -Wstrict-prototypes -Wno-semicolon-before-method-body -Wunguarded-availability -index-store-path /Users/user2/Library/Developer/Xcode/DerivedData/Hermes-gayrmdhfnqltfgffycgkcqztcdfv/Index.noindex/DataStore -Wall @/Users/user2/Library/Developer/Xcode/DerivedData/Hermes-gayrmdhfnqltfgffycgkcqztcdfv/Build/Intermediates.noindex/Hermes.build/Debug/HermesTests.build/Objects-normal/arm64/e6072d4f65d7061329687fe24e3d63a7-common-args.resp -MMD -MT dependencies -MF /Users/user2/Library/Developer/Xcode/DerivedData/Hermes-gayrmdhfnqltfgffycgkcqztcdfv/Build/Intermediates.noindex/Hermes.build/Debug/HermesTests.build/Objects-normal/arm64/AudioStreamerRaceConditionTests.d --serialize-diagnostics /Users/user2/Library/Developer/Xcode/DerivedData/Hermes-gayrmdhfnqltfgffycgkcqztcdfv/Build/Intermediates.noindex/Hermes.build/Debug/HermesTests.build/Objects-normal/arm64/AudioStreamerRaceConditionTests.dia -c /Users/user2/Downloads/PersonalProgAppsWorking/Hermes-master/HermesTests/AudioStreamerRaceConditionTests.m -o /Users/user2/Library/Developer/Xcode/DerivedData/Hermes-gayrmdhfnqltfgffycgkcqztcdfv/Build/Intermediates.noindex/Hermes.build/Debug/HermesTests.build/Objects-normal/arm64/AudioStreamerRaceConditionTests.o -index-unit-output-path /Hermes.build/Debug/HermesTests.build/Objects-normal/arm64/AudioStreamerRaceConditionTests.o
/Users/user2/Downloads/PersonalProgAppsWorking/Hermes-master/HermesTests/AudioStreamerRaceConditionTests.m:58:45: error: cannot refer to declaration with an array type inside block
   58 |             [bufferManager handlePacketData:data description:desc];
      |                                             ^
/Users/user2/Downloads/PersonalProgAppsWorking/Hermes-master/HermesTests/AudioStreamerRaceConditionTests.m:33:10: note: 'data' declared here
   33 |     char data[100] = {0};
      |          ^
1 error generated.
Failed frontend command:
/Applications/Xcode.app/Contents/Developer/Toolchains/XcodeDefault.xctoolchain/usr/bin/clang -cc1 -Wundef-prefix\=TARGET_OS_ -fdiagnostics-show-note-include-stack -fmacro-backtrace-limit\=0 -ferror-limit 19 -serialize-diagnostic-file /Users/user2/Library/Developer/Xcode/DerivedData/Hermes-gayrmdhfnqltfgffycgkcqztcdfv/Build/Intermediates.noindex/Hermes.build/Debug/HermesTests.build/Objects-normal/arm64/AudioStreamerRaceConditionTests.dia -Wdeprecated-objc-isa-usage -Werror\=deprecated-objc-isa-usage -Werror\=implicit-function-declaration -Wnon-modular-include-in-framework-module -Werror\=non-modular-include-in-framework-module -Wno-trigraphs -Werror -Wno-missing-field-initializers -Wno-missing-prototypes -Werror\=return-type -Wdocumentation -Wunreachable-code -Wquoted-include-in-framework-header -Wno-implicit-atomic-properties -Werror\=deprecated-objc-isa-usage -Wno-objc-interface-ivars -Werror\=objc-root-class -Wno-arc-repeated-use-of-weak -Wimplicit-retain-self -Wduplicate-method-match -Wno-missing-braces -Wparentheses -Wswitch -Wunused-function -Wno-unused-label -Wno-unused-parameter -Wunused-variable -Wunused-value -Wempty-body -Wuninitialized -Wconditional-uninitialized -Wno-unknown-pragmas -Wno-shadow -Wno-four-char-constants -Wno-conversion -Wconstant-conversion -Wint-conversion -Wbool-conversion -Wenum-conversion -Wno-float-conversion -Wnon-literal-null-conversion -Wobjc-literal-conversion -Wshorten-64-to-32 -Wpointer-sign -Wno-newline-eof -Wno-selector -Wno-strict-selector-match -Wundeclared-selector -Wdeprecated-implementations -Wno-implicit-fallthrough -Wprotocol -Wdeprecated-declarations -Wno-sign-conversion -Winfinite-recursion -Wcomma -Wblock-capture-autoreleasing -Wstrict-prototypes -Wno-semicolon-before-method-body -Wunguarded-availability -Wall -Wno-reorder-init-list -Wno-implicit-int-float-conversion -Wno-c99-designator -Wno-final-dtor-non-final-class -Wno-extra-semi-stmt -Wno-misleading-indentation -Wno-implicit-fallthrough -Wno-enum-enum-conversion -Wno-enum-float-conversion -Wno-elaborated-enum-base -Wno-reserved-identifier -Wno-gnu-folding-constant -index-store-path /Users/user2/Library/Developer/Xcode/DerivedData/Hermes-gayrmdhfnqltfgffycgkcqztcdfv/Index.noindex/DataStore -index-unit-output-path /Hermes.build/Debug/HermesTests.build/Objects-normal/arm64/AudioStreamerRaceConditionTests.o -fmodule-map-file\=/Applications/Xcode.app/Contents/Developer/Platforms/MacOSX.platform/Developer/SDKs/MacOSX.sdk/System/Library/Frameworks/Foundation.framework/Modules/module.modulemap -fmodule-map-file\=/Applications/Xcode.app/Contents/Developer/Platforms/MacOSX.platform/Developer/Library/Frameworks/XCTest.framework/Modules/module.modulemap -fmodule-map-file\=/Applications/Xcode.app/Contents/Developer/Platforms/MacOSX.platform/Developer/SDKs/MacOSX.sdk/System/Library/Frameworks/AudioToolbox.framework/Modules/module.modulemap -o /Users/user2/Library/Developer/Xcode/DerivedData/Hermes-gayrmdhfnqltfgffycgkcqztcdfv/Build/Intermediates.noindex/Hermes.build/Debug/HermesTests.build/Objects-normal/arm64/AudioStreamerRaceConditionTests.o -disable-free -emit-obj -x objective-c /Users/user2/Downloads/PersonalProgAppsWorking/Hermes-master/HermesTests/AudioStreamerRaceConditionTests.m -target-abi darwinpcs -target-cpu apple-m1 -target-feature +zcm -target-feature +zcz -target-feature +v8.5a -target-feature +aes -target-feature +altnzcv -target-feature +ccdp -target-feature +complxnum -target-feature +crc -target-feature +dotprod -target-feature +fp-armv8 -target-feature +fp16fml -target-feature +fptoint -target-feature +fullfp16 -target-feature +jsconv -target-feature +lse -target-feature +neon -target-feature +pauth -target-feature +perfmon -target-feature +predres -target-feature +ras -target-feature +rcpc -target-feature +rdm -target-feature +sb -target-feature +sha2 -target-feature +sha3 -target-feature +specrestrict -target-feature +ssbs -triple arm64-apple-macosx11.0.0 -target-linker-version 1167.5 -target-sdk-version\=15.5 -fmodules-validate-system-headers -fno-modulemap-allow-subdirectory-search -isysroot /Applications/Xcode.app/Contents/Developer/Platforms/MacOSX.platform/Developer/SDKs/MacOSX15.5.sdk -resource-dir /Applications/Xcode.app/Contents/Developer/Toolchains/XcodeDefault.xctoolchain/usr/lib/clang/17 -fmodule-format\=obj -fmodule-file\=AudioToolbox\=/Users/user2/Library/Developer/Xcode/DerivedData/Hermes-gayrmdhfnqltfgffycgkcqztcdfv/Build/Intermediates.noindex/ExplicitPrecompiledModules/AudioToolbox-8UV310DPUWINWZNB9TDUDN0TQ.pcm -fmodule-file\=Foundation\=/Users/user2/Library/Developer/Xcode/DerivedData/Hermes-gayrmdhfnqltfgffycgkcqztcdfv/Build/Intermediates.noindex/ExplicitPrecompiledModules/Foundation-1QIUDFT1L2L37MXB8P8TLGZUW.pcm -fmodule-file\=XCTest\=/Users/user2/Library/Developer/Xcode/DerivedData/Hermes-gayrmdhfnqltfgffycgkcqztcdfv/Build/Intermediates.noindex/ExplicitPrecompiledModules/XCTest-87AGBJORR5JXFOG0NGFLTUM1G.pcm -I /Users/user2/Library/Developer/Xcode/DerivedData/Hermes-gayrmdhfnqltfgffycgkcqztcdfv/Build/Intermediates.noindex/Hermes.build/Debug/HermesTests.build/HermesTests-own-target-headers.hmap -I /Users/user2/Library/Developer/Xcode/DerivedData/Hermes-gayrmdhfnqltfgffycgkcqztcdfv/Build/Intermediates.noindex/Hermes.build/Debug/HermesTests.build/HermesTests-all-target-headers.hmap -I /Users/user2/Library/Developer/Xcode/DerivedData/Hermes-gayrmdhfnqltfgffycgkcqztcdfv/Build/Products/Debug/include -I /Users/user2/Downloads/PersonalProgAppsWorking/Hermes-master -I Sources -I Sources/AudioStreamer -I Sources/AudioStreamerTests -I Sources/Controllers -I Sources/Integration -I Sources/Models -I Sources/Pandora -I Sources/Support -I Sources/Views -I ImportedSources -I ImportedSources/FMEngine -I ImportedSources/SPMediaKeyTap -I ImportedSources/blowfish -I /Users/user2/Library/Developer/Xcode/DerivedData/Hermes-gayrmdhfnqltfgffycgkcqztcdfv/Build/Intermediates.noindex/Hermes.build/Debug/HermesTests.build/DerivedSources-normal/arm64 -I /Users/user2/Library/Developer/Xcode/DerivedData/Hermes-gayrmdhfnqltfgffycgkcqztcdfv/Build/Intermediates.noindex/Hermes.build/Debug/HermesTests.build/DerivedSources/arm64 -I /Users/user2/Library/Developer/Xcode/DerivedData/Hermes-gayrmdhfnqltfgffycgkcqztcdfv/Build/Intermediates.noindex/Hermes.build/Debug/HermesTests.build/DerivedSources -F /Users/user2/Library/Developer/Xcode/DerivedData/Hermes-gayrmdhfnqltfgffycgkcqztcdfv/Build/Products/Debug -iquote /Users/user2/Library/Developer/Xcode/DerivedData/Hermes-gayrmdhfnqltfgffycgkcqztcdfv/Build/Intermediates.noindex/Hermes.build/Debug/HermesTests.build/HermesTests-generated-files.hmap -iquote /Users/user2/Library/Developer/Xcode/DerivedData/Hermes-gayrmdhfnqltfgffycgkcqztcdfv/Build/Intermediates.noindex/Hermes.build/Debug/HermesTests.build/HermesTests-project-headers.hmap -iframework /Applications/Xcode.app/Contents/Developer/Platforms/MacOSX.platform/Developer/Library/Frameworks -internal-isystem /Applications/Xcode.app/Contents/Developer/Platforms/MacOSX.platform/Developer/SDKs/MacOSX15.5.sdk/usr/local/include -internal-isystem /Applications/Xcode.app/Contents/Developer/Toolchains/XcodeDefault.xctoolchain/usr/lib/clang/17/include -internal-externc-isystem /Applications/Xcode.app/Contents/Developer/Platforms/MacOSX.platform/Developer/SDKs/MacOSX15.5.sdk/usr/include -internal-externc-isystem /Applications/Xcode.app/Contents/Developer/Toolchains/XcodeDefault.xctoolchain/usr/include -ivfsstatcache /Users/user2/Library/Developer/Xcode/DerivedData/SDKStatCaches.noindex/macosx15.5-24F74-8254517eb8b97d462ccbc072ba9094c9.sdkstatcache -std\=gnu17 -fexceptions -fskip-odr-check-in-gmf -fmodules -fno-implicit-modules -fobjc-exceptions -fmax-type-align\=16 -fpascal-strings -fstack-check -fvisibility-inlines-hidden-static-local-var -mdarwin-stkchk-strong-link -fno-odr-hash-protocols -pic-level 2 -fencode-extended-block-signature -stack-protector 1 -fobjc-runtime\=macosx-11.0.0 -fobjc-arc -fobjc-runtime-has-weak -fobjc-weak -fgnuc-version\=4.2.1 -fblocks -ffp-contract\=on -fclang-abi-compat\=4.0 -fno-experimental-relative-c++-abi-vtables -fno-file-reproducible -clang-vendor-feature\=+disableNonDependentMemberExprInCurrentInstantiation -clang-vendor-feature\=+enableAggressiveVLAFolding -clang-vendor-feature\=+revert09abecef7bbf -clang-vendor-feature\=+thisNoAlignAttr -clang-vendor-feature\=+thisNoNullAttr -clang-vendor-feature\=+disableAtImportPrivateFrameworkInImplementationError -O0 -fno-assume-unique-vtables -fdebug-compilation-dir\=/Users/user2/Downloads/PersonalProgAppsWorking/Hermes-master -fcoverage-compilation-dir\=/Users/user2/Downloads/PersonalProgAppsWorking/Hermes-master -fobjc-msgsend-selector-stubs -fregister-global-dtors-with-atexit -fno-strict-return -dwarf-version\=4 -debugger-tuning\=lldb -disable-llvm-verifier -dwarf-ext-refs -funwind-tables\=1 -clear-ast-before-backend -discard-value-names -main-file-name AudioStreamerRaceConditionTests.m -mframe-pointer\=non-leaf -debug-info-kind\=standalone -fdiagnostics-hotness-threshold\=0 -fdiagnostics-misexpect-tolerance\=0 -D DEBUG -D OBJC_OLD_DISPATCH_PROTOTYPES\=0 -D __GCC_HAVE_DWARF2_CFI_ASM\=1 -fdefine-target-os-macros -MT dependencies -dependency-file /Users/user2/Library/Developer/Xcode/DerivedData/Hermes-gayrmdhfnqltfgffycgkcqztcdfv/Build/Intermediates.noindex/Hermes.build/Debug/HermesTests.build/Objects-normal/arm64/AudioStreamerRaceConditionTests.d -skip-unused-modulemap-deps

CompileC /Users/user2/Library/Developer/Xcode/DerivedData/Hermes-gayrmdhfnqltfgffycgkcqztcdfv/Build/Intermediates.noindex/Hermes.build/Debug/HermesTests.build/Objects-normal/arm64/AudioStreamerRetryTests.o /Users/user2/Downloads/PersonalProgAppsWorking/Hermes-master/HermesTests/AudioStreamerRetryTests.m normal arm64 objective-c com.apple.compilers.llvm.clang.1_0.compiler (in target 'HermesTests' from project 'Hermes')
    cd /Users/user2/Downloads/PersonalProgAppsWorking/Hermes-master
    
    Using response file: /Users/user2/Library/Developer/Xcode/DerivedData/Hermes-gayrmdhfnqltfgffycgkcqztcdfv/Build/Intermediates.noindex/Hermes.build/Debug/HermesTests.build/Objects-normal/arm64/e6072d4f65d7061329687fe24e3d63a7-common-args.resp
    
    /Applications/Xcode.app/Contents/Developer/Toolchains/XcodeDefault.xctoolchain/usr/bin/clang -x objective-c -ivfsstatcache /Users/user2/Library/Developer/Xcode/DerivedData/SDKStatCaches.noindex/macosx15.5-24F74-8254517eb8b97d462ccbc072ba9094c9.sdkstatcache -fmessage-length\=0 -fdiagnostics-show-note-include-stack -fmacro-backtrace-limit\=0 -fno-color-diagnostics -fmodules-prune-interval\=86400 -fmodules-prune-after\=345600 -fbuild-session-file\=/Users/user2/Library/Developer/Xcode/DerivedData/ModuleCache.noindex/Session.modulevalidation -fmodules-validate-once-per-build-session -Wnon-modular-include-in-framework-module -Werror\=non-modular-include-in-framework-module -Wno-trigraphs -Werror -Wno-missing-field-initializers -Wno-missing-prototypes -Werror\=return-type -Wdocumentation -Wunreachable-code -Wquoted-include-in-framework-header -Wno-implicit-atomic-properties -Werror\=deprecated-objc-isa-usage -Wno-objc-interface-ivars -Werror\=objc-root-class -Wno-arc-repeated-use-of-weak -Wimplicit-retain-self -Wduplicate-method-match -Wno-missing-braces -Wparentheses -Wswitch -Wunused-function -Wno-unused-label -Wno-unused-parameter -Wunused-variable -Wunused-value -Wempty-body -Wuninitialized -Wconditional-uninitialized -Wno-unknown-pragmas -Wno-shadow -Wno-four-char-constants -Wno-conversion -Wconstant-conversion -Wint-conversion -Wbool-conversion -Wenum-conversion -Wno-float-conversion -Wnon-literal-null-conversion -Wobjc-literal-conversion -Wshorten-64-to-32 -Wpointer-sign -Wno-newline-eof -Wno-selector -Wno-strict-selector-match -Wundeclared-selector -Wdeprecated-implementations -Wno-implicit-fallthrough -fstrict-aliasing -Wprotocol -Wdeprecated-declarations -Wno-sign-conversion -Winfinite-recursion -Wcomma -Wblock-capture-autoreleasing -Wstrict-prototypes -Wno-semicolon-before-method-body -Wunguarded-availability -index-store-path /Users/user2/Library/Developer/Xcode/DerivedData/Hermes-gayrmdhfnqltfgffycgkcqztcdfv/Index.noindex/DataStore -Wall @/Users/user2/Library/Developer/Xcode/DerivedData/Hermes-gayrmdhfnqltfgffycgkcqztcdfv/Build/Intermediates.noindex/Hermes.build/Debug/HermesTests.build/Objects-normal/arm64/e6072d4f65d7061329687fe24e3d63a7-common-args.resp -MMD -MT dependencies -MF /Users/user2/Library/Developer/Xcode/DerivedData/Hermes-gayrmdhfnqltfgffycgkcqztcdfv/Build/Intermediates.noindex/Hermes.build/Debug/HermesTests.build/Objects-normal/arm64/AudioStreamerRetryTests.d --serialize-diagnostics /Users/user2/Library/Developer/Xcode/DerivedData/Hermes-gayrmdhfnqltfgffycgkcqztcdfv/Build/Intermediates.noindex/Hermes.build/Debug/HermesTests.build/Objects-normal/arm64/AudioStreamerRetryTests.dia -c /Users/user2/Downloads/PersonalProgAppsWorking/Hermes-master/HermesTests/AudioStreamerRetryTests.m -o /Users/user2/Library/Developer/Xcode/DerivedData/Hermes-gayrmdhfnqltfgffycgkcqztcdfv/Build/Intermediates.noindex/Hermes.build/Debug/HermesTests.build/Objects-normal/arm64/AudioStreamerRetryTests.o -index-unit-output-path /Hermes.build/Debug/HermesTests.build/Objects-normal/arm64/AudioStreamerRetryTests.o
/Users/user2/Downloads/PersonalProgAppsWorking/Hermes-master/HermesTests/AudioStreamerRetryTests.m:167:45: error: cannot refer to declaration with an array type inside block
  167 |             [bufferManager handlePacketData:data description:desc];
      |                                             ^
/Users/user2/Downloads/PersonalProgAppsWorking/Hermes-master/HermesTests/AudioStreamerRetryTests.m:142:10: note: 'data' declared here
  142 |     char data[100] = {0};
      |          ^
1 error generated.
Failed frontend command:
/Applications/Xcode.app/Contents/Developer/Toolchains/XcodeDefault.xctoolchain/usr/bin/clang -cc1 -Wundef-prefix\=TARGET_OS_ -fdiagnostics-show-note-include-stack -fmacro-backtrace-limit\=0 -ferror-limit 19 -serialize-diagnostic-file /Users/user2/Library/Developer/Xcode/DerivedData/Hermes-gayrmdhfnqltfgffycgkcqztcdfv/Build/Intermediates.noindex/Hermes.build/Debug/HermesTests.build/Objects-normal/arm64/AudioStreamerRetryTests.dia -Wdeprecated-objc-isa-usage -Werror\=deprecated-objc-isa-usage -Werror\=implicit-function-declaration -Wnon-modular-include-in-framework-module -Werror\=non-modular-include-in-framework-module -Wno-trigraphs -Werror -Wno-missing-field-initializers -Wno-missing-prototypes -Werror\=return-type -Wdocumentation -Wunreachable-code -Wquoted-include-in-framework-header -Wno-implicit-atomic-properties -Werror\=deprecated-objc-isa-usage -Wno-objc-interface-ivars -Werror\=objc-root-class -Wno-arc-repeated-use-of-weak -Wimplicit-retain-self -Wduplicate-method-match -Wno-missing-braces -Wparentheses -Wswitch -Wunused-function -Wno-unused-label -Wno-unused-parameter -Wunused-variable -Wunused-value -Wempty-body -Wuninitialized -Wconditional-uninitialized -Wno-unknown-pragmas -Wno-shadow -Wno-four-char-constants -Wno-conversion -Wconstant-conversion -Wint-conversion -Wbool-conversion -Wenum-conversion -Wno-float-conversion -Wnon-literal-null-conversion -Wobjc-literal-conversion -Wshorten-64-to-32 -Wpointer-sign -Wno-newline-eof -Wno-selector -Wno-strict-selector-match -Wundeclared-selector -Wdeprecated-implementations -Wno-implicit-fallthrough -Wprotocol -Wdeprecated-declarations -Wno-sign-conversion -Winfinite-recursion -Wcomma -Wblock-capture-autoreleasing -Wstrict-prototypes -Wno-semicolon-before-method-body -Wunguarded-availability -Wall -Wno-reorder-init-list -Wno-implicit-int-float-conversion -Wno-c99-designator -Wno-final-dtor-non-final-class -Wno-extra-semi-stmt -Wno-misleading-indentation -Wno-implicit-fallthrough -Wno-enum-enum-conversion -Wno-enum-float-conversion -Wno-elaborated-enum-base -Wno-reserved-identifier -Wno-gnu-folding-constant -index-store-path /Users/user2/Library/Developer/Xcode/DerivedData/Hermes-gayrmdhfnqltfgffycgkcqztcdfv/Index.noindex/DataStore -index-unit-output-path /Hermes.build/Debug/HermesTests.build/Objects-normal/arm64/AudioStreamerRetryTests.o -fmodule-map-file\=/Applications/Xcode.app/Contents/Developer/Platforms/MacOSX.platform/Developer/SDKs/MacOSX.sdk/usr/include/ObjectiveC.modulemap -fmodule-map-file\=/Applications/Xcode.app/Contents/Developer/Platforms/MacOSX.platform/Developer/SDKs/MacOSX.sdk/System/Library/Frameworks/Foundation.framework/Modules/module.modulemap -fmodule-map-file\=/Applications/Xcode.app/Contents/Developer/Platforms/MacOSX.platform/Developer/Library/Frameworks/XCTest.framework/Modules/module.modulemap -fmodule-map-file\=/Applications/Xcode.app/Contents/Developer/Platforms/MacOSX.platform/Developer/SDKs/MacOSX.sdk/System/Library/Frameworks/AudioToolbox.framework/Modules/module.modulemap -o /Users/user2/Library/Developer/Xcode/DerivedData/Hermes-gayrmdhfnqltfgffycgkcqztcdfv/Build/Intermediates.noindex/Hermes.build/Debug/HermesTests.build/Objects-normal/arm64/AudioStreamerRetryTests.o -disable-free -emit-obj -x objective-c /Users/user2/Downloads/PersonalProgAppsWorking/Hermes-master/HermesTests/AudioStreamerRetryTests.m -target-abi darwinpcs -target-cpu apple-m1 -target-feature +zcm -target-feature +zcz -target-feature +v8.5a -target-feature +aes -target-feature +altnzcv -target-feature +ccdp -target-feature +complxnum -target-feature +crc -target-feature +dotprod -target-feature +fp-armv8 -target-feature +fp16fml -target-feature +fptoint -target-feature +fullfp16 -target-feature +jsconv -target-feature +lse -target-feature +neon -target-feature +pauth -target-feature +perfmon -target-feature +predres -target-feature +ras -target-feature +rcpc -target-feature +rdm -target-feature +sb -target-feature +sha2 -target-feature +sha3 -target-feature +specrestrict -target-feature +ssbs -triple arm64-apple-macosx11.0.0 -target-linker-version 1167.5 -target-sdk-version\=15.5 -fmodules-validate-system-headers -fno-modulemap-allow-subdirectory-search -isysroot /Applications/Xcode.app/Contents/Developer/Platforms/MacOSX.platform/Developer/SDKs/MacOSX15.5.sdk -resource-dir /Applications/Xcode.app/Contents/Developer/Toolchains/XcodeDefault.xctoolchain/usr/lib/clang/17 -fmodule-format\=obj -fmodule-file\=AudioToolbox\=/Users/user2/Library/Developer/Xcode/DerivedData/Hermes-gayrmdhfnqltfgffycgkcqztcdfv/Build/Intermediates.noindex/ExplicitPrecompiledModules/AudioToolbox-8UV310DPUWINWZNB9TDUDN0TQ.pcm -fmodule-file\=Foundation\=/Users/user2/Library/Developer/Xcode/DerivedData/Hermes-gayrmdhfnqltfgffycgkcqztcdfv/Build/Intermediates.noindex/ExplicitPrecompiledModules/Foundation-1QIUDFT1L2L37MXB8P8TLGZUW.pcm -fmodule-file\=ObjectiveC\=/Users/user2/Library/Developer/Xcode/DerivedData/Hermes-gayrmdhfnqltfgffycgkcqztcdfv/Build/Intermediates.noindex/ExplicitPrecompiledModules/ObjectiveC-8TM65IQZ9G7M5L7T3IOLOPCH3.pcm -fmodule-file\=XCTest\=/Users/user2/Library/Developer/Xcode/DerivedData/Hermes-gayrmdhfnqltfgffycgkcqztcdfv/Build/Intermediates.noindex/ExplicitPrecompiledModules/XCTest-87AGBJORR5JXFOG0NGFLTUM1G.pcm -I /Users/user2/Library/Developer/Xcode/DerivedData/Hermes-gayrmdhfnqltfgffycgkcqztcdfv/Build/Intermediates.noindex/Hermes.build/Debug/HermesTests.build/HermesTests-own-target-headers.hmap -I /Users/user2/Library/Developer/Xcode/DerivedData/Hermes-gayrmdhfnqltfgffycgkcqztcdfv/Build/Intermediates.noindex/Hermes.build/Debug/HermesTests.build/HermesTests-all-target-headers.hmap -I /Users/user2/Library/Developer/Xcode/DerivedData/Hermes-gayrmdhfnqltfgffycgkcqztcdfv/Build/Products/Debug/include -I /Users/user2/Downloads/PersonalProgAppsWorking/Hermes-master -I Sources -I Sources/AudioStreamer -I Sources/AudioStreamerTests -I Sources/Controllers -I Sources/Integration -I Sources/Models -I Sources/Pandora -I Sources/Support -I Sources/Views -I ImportedSources -I ImportedSources/FMEngine -I ImportedSources/SPMediaKeyTap -I ImportedSources/blowfish -I /Users/user2/Library/Developer/Xcode/DerivedData/Hermes-gayrmdhfnqltfgffycgkcqztcdfv/Build/Intermediates.noindex/Hermes.build/Debug/HermesTests.build/DerivedSources-normal/arm64 -I /Users/user2/Library/Developer/Xcode/DerivedData/Hermes-gayrmdhfnqltfgffycgkcqztcdfv/Build/Intermediates.noindex/Hermes.build/Debug/HermesTests.build/DerivedSources/arm64 -I /Users/user2/Library/Developer/Xcode/DerivedData/Hermes-gayrmdhfnqltfgffycgkcqztcdfv/Build/Intermediates.noindex/Hermes.build/Debug/HermesTests.build/DerivedSources -F /Users/user2/Library/Developer/Xcode/DerivedData/Hermes-gayrmdhfnqltfgffycgkcqztcdfv/Build/Products/Debug -iquote /Users/user2/Library/Developer/Xcode/DerivedData/Hermes-gayrmdhfnqltfgffycgkcqztcdfv/Build/Intermediates.noindex/Hermes.build/Debug/HermesTests.build/HermesTests-generated-files.hmap -iquote /Users/user2/Library/Developer/Xcode/DerivedData/Hermes-gayrmdhfnqltfgffycgkcqztcdfv/Build/Intermediates.noindex/Hermes.build/Debug/HermesTests.build/HermesTests-project-headers.hmap -iframework /Applications/Xcode.app/Contents/Developer/Platforms/MacOSX.platform/Developer/Library/Frameworks -internal-isystem /Applications/Xcode.app/Contents/Developer/Platforms/MacOSX.platform/Developer/SDKs/MacOSX15.5.sdk/usr/local/include -internal-isystem /Applications/Xcode.app/Contents/Developer/Toolchains/XcodeDefault.xctoolchain/usr/lib/clang/17/include -internal-externc-isystem /Applications/Xcode.app/Contents/Developer/Platforms/MacOSX.platform/Developer/SDKs/MacOSX15.5.sdk/usr/include -internal-externc-isystem /Applications/Xcode.app/Contents/Developer/Toolchains/XcodeDefault.xctoolchain/usr/include -ivfsstatcache /Users/user2/Library/Developer/Xcode/DerivedData/SDKStatCaches.noindex/macosx15.5-24F74-8254517eb8b97d462ccbc072ba9094c9.sdkstatcache -std\=gnu17 -fexceptions -fskip-odr-check-in-gmf -fmodules -fno-implicit-modules -fobjc-exceptions -fmax-type-align\=16 -fpascal-strings -fstack-check -fvisibility-inlines-hidden-static-local-var -mdarwin-stkchk-strong-link -fno-odr-hash-protocols -pic-level 2 -fencode-extended-block-signature -stack-protector 1 -fobjc-runtime\=macosx-11.0.0 -fobjc-arc -fobjc-runtime-has-weak -fobjc-weak -fgnuc-version\=4.2.1 -fblocks -ffp-contract\=on -fclang-abi-compat\=4.0 -fno-experimental-relative-c++-abi-vtables -fno-file-reproducible -clang-vendor-feature\=+disableNonDependentMemberExprInCurrentInstantiation -clang-vendor-feature\=+enableAggressiveVLAFolding -clang-vendor-feature\=+revert09abecef7bbf -clang-vendor-feature\=+thisNoAlignAttr -clang-vendor-feature\=+thisNoNullAttr -clang-vendor-feature\=+disableAtImportPrivateFrameworkInImplementationError -O0 -fno-assume-unique-vtables -fdebug-compilation-dir\=/Users/user2/Downloads/PersonalProgAppsWorking/Hermes-master -fcoverage-compilation-dir\=/Users/user2/Downloads/PersonalProgAppsWorking/Hermes-master -fobjc-msgsend-selector-stubs -fregister-global-dtors-with-atexit -fno-strict-return -dwarf-version\=4 -debugger-tuning\=lldb -disable-llvm-verifier -dwarf-ext-refs -funwind-tables\=1 -clear-ast-before-backend -discard-value-names -main-file-name AudioStreamerRetryTests.m -mframe-pointer\=non-leaf -debug-info-kind\=standalone -fdiagnostics-hotness-threshold\=0 -fdiagnostics-misexpect-tolerance\=0 -D DEBUG -D OBJC_OLD_DISPATCH_PROTOTYPES\=0 -D __GCC_HAVE_DWARF2_CFI_ASM\=1 -fdefine-target-os-macros -MT dependencies -dependency-file /Users/user2/Library/Developer/Xcode/DerivedData/Hermes-gayrmdhfnqltfgffycgkcqztcdfv/Build/Intermediates.noindex/Hermes.build/Debug/HermesTests.build/Objects-normal/arm64/AudioStreamerRetryTests.d -skip-unused-modulemap-deps

ProcessInfoPlistFile /Users/user2/Library/Developer/Xcode/DerivedData/Hermes-gayrmdhfnqltfgffycgkcqztcdfv/Build/Products/Debug/Hermes.app/Contents/PlugIns/HermesTests.xctest/Contents/Info.plist /Users/user2/Library/Developer/Xcode/DerivedData/Hermes-gayrmdhfnqltfgffycgkcqztcdfv/Build/Intermediates.noindex/Hermes.build/Debug/HermesTests.build/empty-HermesTests.plist (in target 'HermesTests' from project 'Hermes')
    cd /Users/user2/Downloads/PersonalProgAppsWorking/Hermes-master
    builtin-infoPlistUtility /Users/user2/Library/Developer/Xcode/DerivedData/Hermes-gayrmdhfnqltfgffycgkcqztcdfv/Build/Intermediates.noindex/Hermes.build/Debug/HermesTests.build/empty-HermesTests.plist -producttype com.apple.product-type.bundle.unit-test -expandbuildsettings -platform macosx -o /Users/user2/Library/Developer/Xcode/DerivedData/Hermes-gayrmdhfnqltfgffycgkcqztcdfv/Build/Products/Debug/Hermes.app/Contents/PlugIns/HermesTests.xctest/Contents/Info.plist

CodeSign /Users/user2/Library/Developer/Xcode/DerivedData/Hermes-gayrmdhfnqltfgffycgkcqztcdfv/Build/Products/Debug/Hermes.app (in target 'Hermes' from project 'Hermes')
    cd /Users/user2/Downloads/PersonalProgAppsWorking/Hermes-master
    
    Signing Identity:     "Sign to Run Locally"
    
    /usr/bin/codesign --force --sign - -o runtime --entitlements /Users/user2/Library/Developer/Xcode/DerivedData/Hermes-gayrmdhfnqltfgffycgkcqztcdfv/Build/Intermediates.noindex/Hermes.build/Debug/Hermes.build/Hermes.app.xcent --timestamp\=none --generate-entitlement-der /Users/user2/Library/Developer/Xcode/DerivedData/Hermes-gayrmdhfnqltfgffycgkcqztcdfv/Build/Products/Debug/Hermes.app
/Users/user2/Library/Developer/Xcode/DerivedData/Hermes-gayrmdhfnqltfgffycgkcqztcdfv/Build/Products/Debug/Hermes.app: replacing existing signature

Validate /Users/user2/Library/Developer/Xcode/DerivedData/Hermes-gayrmdhfnqltfgffycgkcqztcdfv/Build/Products/Debug/Hermes.app (in target 'Hermes' from project 'Hermes')
    cd /Users/user2/Downloads/PersonalProgAppsWorking/Hermes-master
    builtin-validationUtility /Users/user2/Library/Developer/Xcode/DerivedData/Hermes-gayrmdhfnqltfgffycgkcqztcdfv/Build/Products/Debug/Hermes.app -no-validate-extension -infoplist-subpath Contents/Info.plist

RegisterWithLaunchServices /Users/user2/Library/Developer/Xcode/DerivedData/Hermes-gayrmdhfnqltfgffycgkcqztcdfv/Build/Products/Debug/Hermes.app (in target 'Hermes' from project 'Hermes')
    cd /Users/user2/Downloads/PersonalProgAppsWorking/Hermes-master
    /System/Library/Frameworks/CoreServices.framework/Versions/Current/Frameworks/LaunchServices.framework/Versions/Current/Support/lsregister -f -R -trusted /Users/user2/Library/Developer/Xcode/DerivedData/Hermes-gayrmdhfnqltfgffycgkcqztcdfv/Build/Products/Debug/Hermes.app

2025-11-21 20:07:45.415 xcodebuild[3643:4391742] [MT] IDETesting: Failed to construct test run summaries and write them to the result bundle: fileSystemFailure(reason: "mkstemp: No such file or directory")
2025-11-21 20:07:45.434 xcodebuild[3643:4391742] [MT] IDETesting: Result bundle saving failed with error: Error Domain=IDEFoundationErrorDomain Code=12 "The result bundle could not be saved due to multiple errors: failed to import activity log, underlying error: fileSystemFailure(reason: "mkstemp: No such file or directory"), The operation couldn’t be completed. (CASDB.FileBackedCASDatabase.Error error 0.)" UserInfo={NSLocalizedDescription=The result bundle could not be saved due to multiple errors: failed to import activity log, underlying error: fileSystemFailure(reason: "mkstemp: No such file or directory"), The operation couldn’t be completed. (CASDB.FileBackedCASDatabase.Error error 0.), NSUnderlyingError=0x117672620 {Error Domain=IDEFoundation.ResultBundleError Code=2 "failed to import activity log, underlying error: fileSystemFailure(reason: "mkstemp: No such file or directory")"}}.

Test session results, code coverage, and logs:
	/Users/user2/Library/Developer/Xcode/DerivedData/Hermes-gayrmdhfnqltfgffycgkcqztcdfv/Logs/Test/Test-Hermes-2025.11.21_20-07-40--0800.xcresult

Testing failed:
	Cannot refer to declaration with an array type inside block
	Cannot refer to declaration with an array type inside block
	Testing cancelled because the build failed.

** TEST FAILED **


The following build commands failed:
	CompileC /Users/user2/Library/Developer/Xcode/DerivedData/Hermes-gayrmdhfnqltfgffycgkcqztcdfv/Build/Intermediates.noindex/Hermes.build/Debug/HermesTests.build/Objects-normal/arm64/AudioStreamerRaceConditionTests.o /Users/user2/Downloads/PersonalProgAppsWorking/Hermes-master/HermesTests/AudioStreamerRaceConditionTests.m normal arm64 objective-c com.apple.compilers.llvm.clang.1_0.compiler (in target 'HermesTests' from project 'Hermes')
	CompileC /Users/user2/Library/Developer/Xcode/DerivedData/Hermes-gayrmdhfnqltfgffycgkcqztcdfv/Build/Intermediates.noindex/Hermes.build/Debug/HermesTests.build/Objects-normal/arm64/AudioStreamerRetryTests.o /Users/user2/Downloads/PersonalProgAppsWorking/Hermes-master/HermesTests/AudioStreamerRetryTests.m normal arm64 objective-c com.apple.compilers.llvm.clang.1_0.compiler (in target 'HermesTests' from project 'Hermes')
	Testing project Hermes with scheme Hermes
(3 failures)
