2025-11-16 19:18:58.038 xcodebuild[69329:2097064] [MT] DVTSDK: Skipped SDK /Applications/Xcode.app/Contents/Developer/Platforms/MacOSX.platform/Developer/SDKs/MacOSX10.7.sdk; its version (10.7) is below required minimum (14.0) for the macosx platform.
Command line invocation:
    /Applications/Xcode.app/Contents/Developer/usr/bin/xcodebuild test -scheme HermesTests "-only-testing:HermesTests/ASPlaylistRetryTests/testPlaylistEmitsErrorAfterRetriesExhausted"

2025-11-16 19:18:58.612 xcodebuild[69329:2097108]  DVTDeviceOperation: Encountered a build number "" that is incompatible with DVTBuildVersion.
2025-11-16 19:18:58.799 xcodebuild[69329:2097064] [MT] DVTDeviceOperation: Encountered a build number "" that is incompatible with DVTBuildVersion.
--- xcodebuild: WARNING: Using the first of multiple matching destinations:
{ platform:macOS, arch:arm64, id:00008103-001E249E2130801E, name:My Mac }
{ platform:macOS, arch:x86_64, id:00008103-001E249E2130801E, name:My Mac }
{ platform:macOS, name:Any Mac }
ComputePackagePrebuildTargetDependencyGraph

Prepare packages

CreateBuildRequest

SendProjectDescription

CreateBuildOperation

ComputeTargetDependencyGraph
note: Building targets in dependency order
note: Target dependency graph (2 targets)
    Target 'HermesTests' in project 'Hermes'
        âžœ Explicit dependency on target 'Hermes' in project 'Hermes'
    Target 'Hermes' in project 'Hermes' (no dependencies)

GatherProvisioningInputs

CreateBuildDescription

ExecuteExternalTool /Applications/Xcode.app/Contents/Developer/usr/bin/ibtool --version --output-format xml1

ExecuteExternalTool /Applications/Xcode.app/Contents/Developer/Toolchains/XcodeDefault.xctoolchain/usr/bin/clang -v -E -dM -arch arm64 -isysroot /Applications/Xcode.app/Contents/Developer/Platforms/MacOSX.platform/Developer/SDKs/MacOSX15.5.sdk -x c -c /dev/null

ExecuteExternalTool /Applications/Xcode.app/Contents/Developer/Toolchains/XcodeDefault.xctoolchain/usr/bin/clang -v -E -dM -isysroot /Applications/Xcode.app/Contents/Developer/Platforms/MacOSX.platform/Developer/SDKs/MacOSX15.5.sdk -x c -c /dev/null

ExecuteExternalTool /Applications/Xcode.app/Contents/Developer/Toolchains/XcodeDefault.xctoolchain/usr/bin/clang -v -E -dM -arch arm64 -isysroot /Applications/Xcode.app/Contents/Developer/Platforms/MacOSX.platform/Developer/SDKs/MacOSX15.5.sdk -x objective-c -c /dev/null

ExecuteExternalTool /Applications/Xcode.app/Contents/Developer/Toolchains/XcodeDefault.xctoolchain/usr/bin/swiftc --version

ExecuteExternalTool /Applications/Xcode.app/Contents/Developer/Toolchains/XcodeDefault.xctoolchain/usr/bin/ld -version_details

Build description signature: a5dcd4b885fb0c7f1bd6b52f844fe91b
Build description path: /Users/user2/Library/Developer/Xcode/DerivedData/Hermes-gayrmdhfnqltfgffycgkcqztcdfv/Build/Intermediates.noindex/XCBuildData/a5dcd4b885fb0c7f1bd6b52f844fe91b.xcbuilddata
ClangStatCache /Applications/Xcode.app/Contents/Developer/Toolchains/XcodeDefault.xctoolchain/usr/bin/clang-stat-cache /Applications/Xcode.app/Contents/Developer/Platforms/MacOSX.platform/Developer/SDKs/MacOSX15.5.sdk /Users/user2/Library/Developer/Xcode/DerivedData/SDKStatCaches.noindex/macosx15.5-24F74-8254517eb8b97d462ccbc072ba9094c9.sdkstatcache
    cd /Users/user2/Downloads/PersonalProgAppsWorking/Hermes-master/Hermes.xcodeproj
    /Applications/Xcode.app/Contents/Developer/Toolchains/XcodeDefault.xctoolchain/usr/bin/clang-stat-cache /Applications/Xcode.app/Contents/Developer/Platforms/MacOSX.platform/Developer/SDKs/MacOSX15.5.sdk -o /Users/user2/Library/Developer/Xcode/DerivedData/SDKStatCaches.noindex/macosx15.5-24F74-8254517eb8b97d462ccbc072ba9094c9.sdkstatcache

WriteAuxiliaryFile /Users/user2/Library/Developer/Xcode/DerivedData/Hermes-gayrmdhfnqltfgffycgkcqztcdfv/Build/Intermediates.noindex/Hermes.build/Release/HermesTests.build/Objects-normal/arm64/HermesTests.LinkFileList (in target 'HermesTests' from project 'Hermes')
    cd /Users/user2/Downloads/PersonalProgAppsWorking/Hermes-master
    write-file /Users/user2/Library/Developer/Xcode/DerivedData/Hermes-gayrmdhfnqltfgffycgkcqztcdfv/Build/Intermediates.noindex/Hermes.build/Release/HermesTests.build/Objects-normal/arm64/HermesTests.LinkFileList

CompileC /Users/user2/Library/Developer/Xcode/DerivedData/Hermes-gayrmdhfnqltfgffycgkcqztcdfv/Build/Intermediates.noindex/Hermes.build/Release/Hermes.build/Objects-normal/arm64/ASPlaylist.o /Users/user2/Downloads/PersonalProgAppsWorking/Hermes-master/Sources/AudioStreamer/ASPlaylist.m normal arm64 objective-c com.apple.compilers.llvm.clang.1_0.compiler (in target 'Hermes' from project 'Hermes')
    cd /Users/user2/Downloads/PersonalProgAppsWorking/Hermes-master
    
    Using response file: /Users/user2/Library/Developer/Xcode/DerivedData/Hermes-gayrmdhfnqltfgffycgkcqztcdfv/Build/Intermediates.noindex/Hermes.build/Release/Hermes.build/Objects-normal/arm64/e6072d4f65d7061329687fe24e3d63a7-common-args.resp
    
    /Applications/Xcode.app/Contents/Developer/Toolchains/XcodeDefault.xctoolchain/usr/bin/clang -x objective-c -ivfsstatcache /Users/user2/Library/Developer/Xcode/DerivedData/SDKStatCaches.noindex/macosx15.5-24F74-8254517eb8b97d462ccbc072ba9094c9.sdkstatcache -fmessage-length\=0 -fdiagnostics-show-note-include-stack -fmacro-backtrace-limit\=0 -fno-color-diagnostics -Wno-trigraphs -Werror -Wno-missing-field-initializers -Wno-missing-prototypes -Wunreachable-code -Wquoted-include-in-framework-header -Wno-implicit-atomic-properties -Wno-objc-interface-ivars -Wno-arc-repeated-use-of-weak -Wimplicit-retain-self -Wduplicate-method-match -Wno-missing-braces -Wparentheses -Wswitch -Wunused-function -Wno-unused-label -Wno-unused-parameter -Wunused-variable -Wunused-value -Wempty-body -Wuninitialized -Wno-unknown-pragmas -Wno-shadow -Wno-four-char-constants -Wno-conversion -Wconstant-conversion -Wint-conversion -Wbool-conversion -Wenum-conversion -Wno-float-conversion -Wnon-literal-null-conversion -Wobjc-literal-conversion -Wshorten-64-to-32 -Wpointer-sign -Wno-newline-eof -Wno-selector -Wno-strict-selector-match -Wundeclared-selector -Wdeprecated-implementations -Wno-implicit-fallthrough -fstrict-aliasing -Wprotocol -Wdeprecated-declarations -Wno-sign-conversion -Winfinite-recursion -Wcomma -Wblock-capture-autoreleasing -Wstrict-prototypes -Wno-semicolon-before-method-body -Wall -Wextra -Wno-unused-parameter -Werror @/Users/user2/Library/Developer/Xcode/DerivedData/Hermes-gayrmdhfnqltfgffycgkcqztcdfv/Build/Intermediates.noindex/Hermes.build/Release/Hermes.build/Objects-normal/arm64/e6072d4f65d7061329687fe24e3d63a7-common-args.resp -include /Users/user2/Library/Developer/Xcode/DerivedData/Hermes-gayrmdhfnqltfgffycgkcqztcdfv/Build/Intermediates.noindex/PrecompiledHeaders/SharedPrecompiledHeaders/549395543761876994/Hermes_Prefix.pch -MMD -MT dependencies -MF /Users/user2/Library/Developer/Xcode/DerivedData/Hermes-gayrmdhfnqltfgffycgkcqztcdfv/Build/Intermediates.noindex/Hermes.build/Release/Hermes.build/Objects-normal/arm64/ASPlaylist.d --serialize-diagnostics /Users/user2/Library/Developer/Xcode/DerivedData/Hermes-gayrmdhfnqltfgffycgkcqztcdfv/Build/Intermediates.noindex/Hermes.build/Release/Hermes.build/Objects-normal/arm64/ASPlaylist.dia -c /Users/user2/Downloads/PersonalProgAppsWorking/Hermes-master/Sources/AudioStreamer/ASPlaylist.m -o /Users/user2/Library/Developer/Xcode/DerivedData/Hermes-gayrmdhfnqltfgffycgkcqztcdfv/Build/Intermediates.noindex/Hermes.build/Release/Hermes.build/Objects-normal/arm64/ASPlaylist.o

ProcessInfoPlistFile /Users/user2/Library/Developer/Xcode/DerivedData/Hermes-gayrmdhfnqltfgffycgkcqztcdfv/Build/Products/Release/Hermes.app/Contents/Info.plist /Users/user2/Downloads/PersonalProgAppsWorking/Hermes-master/Resources/Hermes-Info.plist (in target 'Hermes' from project 'Hermes')
    cd /Users/user2/Downloads/PersonalProgAppsWorking/Hermes-master
    builtin-infoPlistUtility /Users/user2/Downloads/PersonalProgAppsWorking/Hermes-master/Resources/Hermes-Info.plist -producttype com.apple.product-type.application -genpkginfo /Users/user2/Library/Developer/Xcode/DerivedData/Hermes-gayrmdhfnqltfgffycgkcqztcdfv/Build/Products/Release/Hermes.app/Contents/PkgInfo -expandbuildsettings -platform macosx -additionalcontentfile /Users/user2/Library/Developer/Xcode/DerivedData/Hermes-gayrmdhfnqltfgffycgkcqztcdfv/Build/Intermediates.noindex/Hermes.build/Release/Hermes.build/Base.lproj/MainMenu-PartialInfo.plist -o /Users/user2/Library/Developer/Xcode/DerivedData/Hermes-gayrmdhfnqltfgffycgkcqztcdfv/Build/Products/Release/Hermes.app/Contents/Info.plist

AnalyzeShallow /Users/user2/Downloads/PersonalProgAppsWorking/Hermes-master/Sources/AudioStreamer/ASPlaylist.m normal arm64 (in target 'Hermes' from project 'Hermes')
    cd /Users/user2/Downloads/PersonalProgAppsWorking/Hermes-master
    
    Using response file: /Users/user2/Library/Developer/Xcode/DerivedData/Hermes-gayrmdhfnqltfgffycgkcqztcdfv/Build/Intermediates.noindex/Hermes.build/Release/Hermes.build/Objects-normal/arm64/22a6d426986e98cf1a8e0c880c6a22df-common-args.resp
    
    /Applications/Xcode.app/Contents/Developer/Toolchains/XcodeDefault.xctoolchain/usr/bin/clang -x objective-c -ivfsstatcache /Users/user2/Library/Developer/Xcode/DerivedData/SDKStatCaches.noindex/macosx15.5-24F74-8254517eb8b97d462ccbc072ba9094c9.sdkstatcache -fmessage-length\=0 -fdiagnostics-show-note-include-stack -fmacro-backtrace-limit\=0 -fno-color-diagnostics -Wno-trigraphs -Werror -Wno-missing-field-initializers -Wno-missing-prototypes -Wunreachable-code -Wquoted-include-in-framework-header -Wno-implicit-atomic-properties -Wno-objc-interface-ivars -Wno-arc-repeated-use-of-weak -Wimplicit-retain-self -Wduplicate-method-match -Wno-missing-braces -Wparentheses -Wswitch -Wunused-function -Wno-unused-label -Wno-unused-parameter -Wunused-variable -Wunused-value -Wempty-body -Wuninitialized -Wno-unknown-pragmas -Wno-shadow -Wno-four-char-constants -Wno-conversion -Wconstant-conversion -Wint-conversion -Wbool-conversion -Wenum-conversion -Wno-float-conversion -Wnon-literal-null-conversion -Wobjc-literal-conversion -Wshorten-64-to-32 -Wpointer-sign -Wno-newline-eof -Wno-selector -Wno-strict-selector-match -Wundeclared-selector -Wdeprecated-implementations -Wno-implicit-fallthrough -fstrict-aliasing -Wprotocol -Wdeprecated-declarations -Wno-sign-conversion -Winfinite-recursion -Wcomma -Wblock-capture-autoreleasing -Wstrict-prototypes -Wno-semicolon-before-method-body -Wall -Wextra -Wno-unused-parameter -Werror @/Users/user2/Library/Developer/Xcode/DerivedData/Hermes-gayrmdhfnqltfgffycgkcqztcdfv/Build/Intermediates.noindex/Hermes.build/Release/Hermes.build/Objects-normal/arm64/22a6d426986e98cf1a8e0c880c6a22df-common-args.resp -include /Users/user2/Library/Developer/Xcode/DerivedData/Hermes-gayrmdhfnqltfgffycgkcqztcdfv/Build/Intermediates.noindex/PrecompiledHeaders/SharedPrecompiledHeaders/1749907597308194905/Hermes_Prefix.pch -MMD -MT dependencies -MF /Users/user2/Library/Developer/Xcode/DerivedData/Hermes-gayrmdhfnqltfgffycgkcqztcdfv/Build/Intermediates.noindex/Hermes.build/Release/Hermes.build/StaticAnalyzer/Hermes/Hermes/normal/arm64/ASPlaylist.d --analyze /Users/user2/Downloads/PersonalProgAppsWorking/Hermes-master/Sources/AudioStreamer/ASPlaylist.m -o /Users/user2/Library/Developer/Xcode/DerivedData/Hermes-gayrmdhfnqltfgffycgkcqztcdfv/Build/Intermediates.noindex/Hermes.build/Release/Hermes.build/StaticAnalyzer/Hermes/Hermes/normal/arm64/ASPlaylist.plist

Ld /Users/user2/Library/Developer/Xcode/DerivedData/Hermes-gayrmdhfnqltfgffycgkcqztcdfv/Build/Products/Release/Hermes.app/Contents/MacOS/Hermes normal (in target 'Hermes' from project 'Hermes')
    cd /Users/user2/Downloads/PersonalProgAppsWorking/Hermes-master
    /Applications/Xcode.app/Contents/Developer/Toolchains/XcodeDefault.xctoolchain/usr/bin/clang -Xlinker -reproducible -target arm64-apple-macos11.0 -isysroot /Applications/Xcode.app/Contents/Developer/Platforms/MacOSX.platform/Developer/SDKs/MacOSX15.5.sdk -Os -L/Users/user2/Library/Developer/Xcode/DerivedData/Hermes-gayrmdhfnqltfgffycgkcqztcdfv/Build/Intermediates.noindex/EagerLinkingTBDs/Release -L/Users/user2/Library/Developer/Xcode/DerivedData/Hermes-gayrmdhfnqltfgffycgkcqztcdfv/Build/Products/Release -F/Users/user2/Library/Developer/Xcode/DerivedData/Hermes-gayrmdhfnqltfgffycgkcqztcdfv/Build/Intermediates.noindex/EagerLinkingTBDs/Release -F/Users/user2/Library/Developer/Xcode/DerivedData/Hermes-gayrmdhfnqltfgffycgkcqztcdfv/Build/Products/Release -F/Users/user2/Downloads/PersonalProgAppsWorking/Hermes-master -F/Users/user2/Downloads/PersonalProgAppsWorking/Hermes-master/Frameworks -F/Users/user2/Downloads/PersonalProgAppsWorking/Hermes-master/Frameworks -filelist /Users/user2/Library/Developer/Xcode/DerivedData/Hermes-gayrmdhfnqltfgffycgkcqztcdfv/Build/Intermediates.noindex/Hermes.build/Release/Hermes.build/Objects-normal/arm64/Hermes.LinkFileList -Xlinker -rpath -Xlinker @executable_path/../Frameworks -dead_strip -Xlinker -object_path_lto -Xlinker /Users/user2/Library/Developer/Xcode/DerivedData/Hermes-gayrmdhfnqltfgffycgkcqztcdfv/Build/Intermediates.noindex/Hermes.build/Release/Hermes.build/Objects-normal/arm64/Hermes_lto.o -rdynamic -Xlinker -debug_variant -Xlinker -dependency_info -Xlinker /Users/user2/Library/Developer/Xcode/DerivedData/Hermes-gayrmdhfnqltfgffycgkcqztcdfv/Build/Intermediates.noindex/Hermes.build/Release/Hermes.build/Objects-normal/arm64/Hermes_dependency_info.dat -fobjc-arc -fobjc-link-runtime -flto\=thin -Xlinker -cache_path_lto -Xlinker /Users/user2/Library/Developer/Xcode/DerivedData/Hermes-gayrmdhfnqltfgffycgkcqztcdfv/Build/Intermediates.noindex/LTOCache -fprofile-instr-generate -framework UserNotifications -framework Carbon -framework AudioToolbox -framework Quartz -framework SystemConfiguration -framework Security -framework Cocoa -weak_framework MediaPlayer -Xlinker -no_adhoc_codesign -o /Users/user2/Library/Developer/Xcode/DerivedData/Hermes-gayrmdhfnqltfgffycgkcqztcdfv/Build/Products/Release/Hermes.app/Contents/MacOS/Hermes
ld: warning: search path '/Users/user2/Downloads/PersonalProgAppsWorking/Hermes-master/Frameworks' not found
ld: warning: search path '/Users/user2/Downloads/PersonalProgAppsWorking/Hermes-master/Frameworks' not found

GenerateDSYMFile /Users/user2/Library/Developer/Xcode/DerivedData/Hermes-gayrmdhfnqltfgffycgkcqztcdfv/Build/Products/Release/Hermes.app.dSYM /Users/user2/Library/Developer/Xcode/DerivedData/Hermes-gayrmdhfnqltfgffycgkcqztcdfv/Build/Products/Release/Hermes.app/Contents/MacOS/Hermes (in target 'Hermes' from project 'Hermes')
    cd /Users/user2/Downloads/PersonalProgAppsWorking/Hermes-master
    /Applications/Xcode.app/Contents/Developer/Toolchains/XcodeDefault.xctoolchain/usr/bin/dsymutil /Users/user2/Library/Developer/Xcode/DerivedData/Hermes-gayrmdhfnqltfgffycgkcqztcdfv/Build/Products/Release/Hermes.app/Contents/MacOS/Hermes -o /Users/user2/Library/Developer/Xcode/DerivedData/Hermes-gayrmdhfnqltfgffycgkcqztcdfv/Build/Products/Release/Hermes.app.dSYM

ProcessInfoPlistFile /Users/user2/Library/Developer/Xcode/DerivedData/Hermes-gayrmdhfnqltfgffycgkcqztcdfv/Build/Products/Release/Hermes.app/Contents/PlugIns/HermesTests.xctest/Contents/Info.plist /Users/user2/Library/Developer/Xcode/DerivedData/Hermes-gayrmdhfnqltfgffycgkcqztcdfv/Build/Intermediates.noindex/Hermes.build/Release/HermesTests.build/empty-HermesTests.plist (in target 'HermesTests' from project 'Hermes')
    cd /Users/user2/Downloads/PersonalProgAppsWorking/Hermes-master
    builtin-infoPlistUtility /Users/user2/Library/Developer/Xcode/DerivedData/Hermes-gayrmdhfnqltfgffycgkcqztcdfv/Build/Intermediates.noindex/Hermes.build/Release/HermesTests.build/empty-HermesTests.plist -producttype com.apple.product-type.bundle.unit-test -expandbuildsettings -platform macosx -o /Users/user2/Library/Developer/Xcode/DerivedData/Hermes-gayrmdhfnqltfgffycgkcqztcdfv/Build/Products/Release/Hermes.app/Contents/PlugIns/HermesTests.xctest/Contents/Info.plist

Ld /Users/user2/Library/Developer/Xcode/DerivedData/Hermes-gayrmdhfnqltfgffycgkcqztcdfv/Build/Products/Release/Hermes.app/Contents/PlugIns/HermesTests.xctest/Contents/MacOS/HermesTests normal (in target 'HermesTests' from project 'Hermes')
    cd /Users/user2/Downloads/PersonalProgAppsWorking/Hermes-master
    /Applications/Xcode.app/Contents/Developer/Toolchains/XcodeDefault.xctoolchain/usr/bin/clang -Xlinker -reproducible -target arm64-apple-macos11.0 -bundle -isysroot /Applications/Xcode.app/Contents/Developer/Platforms/MacOSX.platform/Developer/SDKs/MacOSX15.5.sdk -Os -L/Users/user2/Library/Developer/Xcode/DerivedData/Hermes-gayrmdhfnqltfgffycgkcqztcdfv/Build/Intermediates.noindex/EagerLinkingTBDs/Release -L/Users/user2/Library/Developer/Xcode/DerivedData/Hermes-gayrmdhfnqltfgffycgkcqztcdfv/Build/Products/Release -L/Applications/Xcode.app/Contents/Developer/Platforms/MacOSX.platform/Developer/usr/lib -F/Users/user2/Library/Developer/Xcode/DerivedData/Hermes-gayrmdhfnqltfgffycgkcqztcdfv/Build/Intermediates.noindex/EagerLinkingTBDs/Release -F/Users/user2/Library/Developer/Xcode/DerivedData/Hermes-gayrmdhfnqltfgffycgkcqztcdfv/Build/Products/Release -iframework /Applications/Xcode.app/Contents/Developer/Platforms/MacOSX.platform/Developer/Library/Frameworks -filelist /Users/user2/Library/Developer/Xcode/DerivedData/Hermes-gayrmdhfnqltfgffycgkcqztcdfv/Build/Intermediates.noindex/Hermes.build/Release/HermesTests.build/Objects-normal/arm64/HermesTests.LinkFileList -Xlinker -rpath -Xlinker @loader_path/../Frameworks -Xlinker -rpath -Xlinker @executable_path/../Frameworks -dead_strip -bundle_loader /Users/user2/Library/Developer/Xcode/DerivedData/Hermes-gayrmdhfnqltfgffycgkcqztcdfv/Build/Products/Release/Hermes.app/Contents/MacOS/Hermes -Xlinker -object_path_lto -Xlinker /Users/user2/Library/Developer/Xcode/DerivedData/Hermes-gayrmdhfnqltfgffycgkcqztcdfv/Build/Intermediates.noindex/Hermes.build/Release/HermesTests.build/Objects-normal/arm64/HermesTests_lto.o -Xlinker -debug_variant -Xlinker -dependency_info -Xlinker /Users/user2/Library/Developer/Xcode/DerivedData/Hermes-gayrmdhfnqltfgffycgkcqztcdfv/Build/Intermediates.noindex/Hermes.build/Release/HermesTests.build/Objects-normal/arm64/HermesTests_dependency_info.dat -fobjc-arc -fobjc-link-runtime -fprofile-instr-generate -L/Applications/Xcode.app/Contents/Developer/Toolchains/XcodeDefault.xctoolchain/usr/lib/swift/macosx -L/usr/lib/swift -Xlinker -add_ast_path -Xlinker /Users/user2/Library/Developer/Xcode/DerivedData/Hermes-gayrmdhfnqltfgffycgkcqztcdfv/Build/Intermediates.noindex/Hermes.build/Release/HermesTests.build/Objects-normal/arm64/HermesTests.swiftmodule -framework XCTest -lXCTestSwiftSupport -Xlinker -no_adhoc_codesign -o /Users/user2/Library/Developer/Xcode/DerivedData/Hermes-gayrmdhfnqltfgffycgkcqztcdfv/Build/Products/Release/Hermes.app/Contents/PlugIns/HermesTests.xctest/Contents/MacOS/HermesTests

ExtractAppIntentsMetadata (in target 'HermesTests' from project 'Hermes')
    cd /Users/user2/Downloads/PersonalProgAppsWorking/Hermes-master
    /Applications/Xcode.app/Contents/Developer/Toolchains/XcodeDefault.xctoolchain/usr/bin/appintentsmetadataprocessor --toolchain-dir /Applications/Xcode.app/Contents/Developer/Toolchains/XcodeDefault.xctoolchain --module-name HermesTests --sdk-root /Applications/Xcode.app/Contents/Developer/Platforms/MacOSX.platform/Developer/SDKs/MacOSX15.5.sdk --xcode-version 16F6 --platform-family macOS --deployment-target 11.0 --bundle-identifier Hermes.HermesTests --output /Users/user2/Library/Developer/Xcode/DerivedData/Hermes-gayrmdhfnqltfgffycgkcqztcdfv/Build/Products/Release/Hermes.app/Contents/PlugIns/HermesTests.xctest/Contents/Resources --target-triple arm64-apple-macos11.0 --binary-file /Users/user2/Library/Developer/Xcode/DerivedData/Hermes-gayrmdhfnqltfgffycgkcqztcdfv/Build/Products/Release/Hermes.app/Contents/PlugIns/HermesTests.xctest/Contents/MacOS/HermesTests --dependency-file /Users/user2/Library/Developer/Xcode/DerivedData/Hermes-gayrmdhfnqltfgffycgkcqztcdfv/Build/Intermediates.noindex/Hermes.build/Release/HermesTests.build/Objects-normal/arm64/HermesTests_dependency_info.dat --stringsdata-file /Users/user2/Library/Developer/Xcode/DerivedData/Hermes-gayrmdhfnqltfgffycgkcqztcdfv/Build/Intermediates.noindex/Hermes.build/Release/HermesTests.build/Objects-normal/arm64/ExtractedAppShortcutsMetadata.stringsdata --source-file-list /Users/user2/Library/Developer/Xcode/DerivedData/Hermes-gayrmdhfnqltfgffycgkcqztcdfv/Build/Intermediates.noindex/Hermes.build/Release/HermesTests.build/Objects-normal/arm64/HermesTests.SwiftFileList --metadata-file-list /Users/user2/Library/Developer/Xcode/DerivedData/Hermes-gayrmdhfnqltfgffycgkcqztcdfv/Build/Intermediates.noindex/Hermes.build/Release/HermesTests.build/HermesTests.DependencyMetadataFileList --static-metadata-file-list /Users/user2/Library/Developer/Xcode/DerivedData/Hermes-gayrmdhfnqltfgffycgkcqztcdfv/Build/Intermediates.noindex/Hermes.build/Release/HermesTests.build/HermesTests.DependencyStaticMetadataFileList --swift-const-vals-list /Users/user2/Library/Developer/Xcode/DerivedData/Hermes-gayrmdhfnqltfgffycgkcqztcdfv/Build/Intermediates.noindex/Hermes.build/Release/HermesTests.build/Objects-normal/arm64/HermesTests.SwiftConstValuesFileList --compile-time-extraction --deployment-aware-processing --validate-assistant-intents --no-app-shortcuts-localization
2025-11-16 19:19:06.362 appintentsmetadataprocessor[69359:2097367] Starting appintentsmetadataprocessor export
2025-11-16 19:19:06.365 appintentsmetadataprocessor[69359:2097367] warning: Metadata extraction skipped. No AppIntents.framework dependency found.

CopySwiftLibs /Users/user2/Library/Developer/Xcode/DerivedData/Hermes-gayrmdhfnqltfgffycgkcqztcdfv/Build/Products/Release/Hermes.app/Contents/PlugIns/HermesTests.xctest (in target 'HermesTests' from project 'Hermes')
    cd /Users/user2/Downloads/PersonalProgAppsWorking/Hermes-master
    builtin-swiftStdLibTool --copy --verbose --sign 7A8F39217C1F3C5B0073284622261E2CDF4234C7 --scan-executable /Users/user2/Library/Developer/Xcode/DerivedData/Hermes-gayrmdhfnqltfgffycgkcqztcdfv/Build/Products/Release/Hermes.app/Contents/PlugIns/HermesTests.xctest/Contents/MacOS/HermesTests --scan-folder /Users/user2/Library/Developer/Xcode/DerivedData/Hermes-gayrmdhfnqltfgffycgkcqztcdfv/Build/Products/Release/Hermes.app/Contents/PlugIns/HermesTests.xctest/Contents/Frameworks --scan-folder /Users/user2/Library/Developer/Xcode/DerivedData/Hermes-gayrmdhfnqltfgffycgkcqztcdfv/Build/Products/Release/Hermes.app/Contents/PlugIns/HermesTests.xctest/Contents/PlugIns --scan-folder /Users/user2/Library/Developer/Xcode/DerivedData/Hermes-gayrmdhfnqltfgffycgkcqztcdfv/Build/Products/Release/Hermes.app/Contents/PlugIns/HermesTests.xctest/Contents/Library/SystemExtensions --scan-folder /Users/user2/Library/Developer/Xcode/DerivedData/Hermes-gayrmdhfnqltfgffycgkcqztcdfv/Build/Products/Release/Hermes.app/Contents/PlugIns/HermesTests.xctest/Contents/Extensions --platform macosx --toolchain /Applications/Xcode.app/Contents/Developer/Toolchains/XcodeDefault.xctoolchain --destination /Users/user2/Library/Developer/Xcode/DerivedData/Hermes-gayrmdhfnqltfgffycgkcqztcdfv/Build/Products/Release/Hermes.app/Contents/PlugIns/HermesTests.xctest/Contents/Frameworks --strip-bitcode --scan-executable /Applications/Xcode.app/Contents/Developer/Platforms/MacOSX.platform/Developer/usr/lib/libXCTestSwiftSupport.dylib --strip-bitcode-tool /Applications/Xcode.app/Contents/Developer/Toolchains/XcodeDefault.xctoolchain/usr/bin/bitcode_strip --emit-dependency-info /Users/user2/Library/Developer/Xcode/DerivedData/Hermes-gayrmdhfnqltfgffycgkcqztcdfv/Build/Intermediates.noindex/Hermes.build/Release/HermesTests.build/SwiftStdLibToolInputDependencies.dep
libswiftsimd.dylib is up to date at /Users/user2/Library/Developer/Xcode/DerivedData/Hermes-gayrmdhfnqltfgffycgkcqztcdfv/Build/Products/Release/Hermes.app/Contents/PlugIns/HermesTests.xctest/Contents/Frameworks/libswiftsimd.dylib
libswiftMetal.dylib is up to date at /Users/user2/Library/Developer/Xcode/DerivedData/Hermes-gayrmdhfnqltfgffycgkcqztcdfv/Build/Products/Release/Hermes.app/Contents/PlugIns/HermesTests.xctest/Contents/Frameworks/libswiftMetal.dylib
libswiftFoundation.dylib is up to date at /Users/user2/Library/Developer/Xcode/DerivedData/Hermes-gayrmdhfnqltfgffycgkcqztcdfv/Build/Products/Release/Hermes.app/Contents/PlugIns/HermesTests.xctest/Contents/Frameworks/libswiftFoundation.dylib
libswiftCore.dylib is up to date at /Users/user2/Library/Developer/Xcode/DerivedData/Hermes-gayrmdhfnqltfgffycgkcqztcdfv/Build/Products/Release/Hermes.app/Contents/PlugIns/HermesTests.xctest/Contents/Frameworks/libswiftCore.dylib
libswiftIOKit.dylib is up to date at /Users/user2/Library/Developer/Xcode/DerivedData/Hermes-gayrmdhfnqltfgffycgkcqztcdfv/Build/Products/Release/Hermes.app/Contents/PlugIns/HermesTests.xctest/Contents/Frameworks/libswiftIOKit.dylib
libswiftCoreImage.dylib is up to date at /Users/user2/Library/Developer/Xcode/DerivedData/Hermes-gayrmdhfnqltfgffycgkcqztcdfv/Build/Products/Release/Hermes.app/Contents/PlugIns/HermesTests.xctest/Contents/Frameworks/libswiftCoreImage.dylib
libswiftCoreGraphics.dylib is up to date at /Users/user2/Library/Developer/Xcode/DerivedData/Hermes-gayrmdhfnqltfgffycgkcqztcdfv/Build/Products/Release/Hermes.app/Contents/PlugIns/HermesTests.xctest/Contents/Frameworks/libswiftCoreGraphics.dylib
libswiftXPC.dylib is up to date at /Users/user2/Library/Developer/Xcode/DerivedData/Hermes-gayrmdhfnqltfgffycgkcqztcdfv/Build/Products/Release/Hermes.app/Contents/PlugIns/HermesTests.xctest/Contents/Frameworks/libswiftXPC.dylib
libswiftos.dylib is up to date at /Users/user2/Library/Developer/Xcode/DerivedData/Hermes-gayrmdhfnqltfgffycgkcqztcdfv/Build/Products/Release/Hermes.app/Contents/PlugIns/HermesTests.xctest/Contents/Frameworks/libswiftos.dylib
libswiftDispatch.dylib is up to date at /Users/user2/Library/Developer/Xcode/DerivedData/Hermes-gayrmdhfnqltfgffycgkcqztcdfv/Build/Products/Release/Hermes.app/Contents/PlugIns/HermesTests.xctest/Contents/Frameworks/libswiftDispatch.dylib
libswiftObjectiveC.dylib is up to date at /Users/user2/Library/Developer/Xcode/DerivedData/Hermes-gayrmdhfnqltfgffycgkcqztcdfv/Build/Products/Release/Hermes.app/Contents/PlugIns/HermesTests.xctest/Contents/Frameworks/libswiftObjectiveC.dylib
libswift_Concurrency.dylib is up to date at /Users/user2/Library/Developer/Xcode/DerivedData/Hermes-gayrmdhfnqltfgffycgkcqztcdfv/Build/Products/Release/Hermes.app/Contents/PlugIns/HermesTests.xctest/Contents/Frameworks/libswift_Concurrency.dylib
libswiftDarwin.dylib is up to date at /Users/user2/Library/Developer/Xcode/DerivedData/Hermes-gayrmdhfnqltfgffycgkcqztcdfv/Build/Products/Release/Hermes.app/Contents/PlugIns/HermesTests.xctest/Contents/Frameworks/libswiftDarwin.dylib
libswiftCoreFoundation.dylib is up to date at /Users/user2/Library/Developer/Xcode/DerivedData/Hermes-gayrmdhfnqltfgffycgkcqztcdfv/Build/Products/Release/Hermes.app/Contents/PlugIns/HermesTests.xctest/Contents/Frameworks/libswiftCoreFoundation.dylib
libswiftQuartzCore.dylib is up to date at /Users/user2/Library/Developer/Xcode/DerivedData/Hermes-gayrmdhfnqltfgffycgkcqztcdfv/Build/Products/Release/Hermes.app/Contents/PlugIns/HermesTests.xctest/Contents/Frameworks/libswiftQuartzCore.dylib
Probing signature of /Users/user2/Library/Developer/Xcode/DerivedData/Hermes-gayrmdhfnqltfgffycgkcqztcdfv/Build/Products/Release/Hermes.app/Contents/PlugIns/HermesTests.xctest/Contents/Frameworks/libswiftsimd.dylib
/usr/bin/codesign -r- --display /Users/user2/Library/Developer/Xcode/DerivedData/Hermes-gayrmdhfnqltfgffycgkcqztcdfv/Build/Products/Release/Hermes.app/Contents/PlugIns/HermesTests.xctest/Contents/Frameworks/libswiftsimd.dylib
Codesigning /Users/user2/Library/Developer/Xcode/DerivedData/Hermes-gayrmdhfnqltfgffycgkcqztcdfv/Build/Products/Release/Hermes.app/Contents/PlugIns/HermesTests.xctest/Contents/Frameworks/libswiftsimd.dylib
/usr/bin/codesign --force --sign 7A8F39217C1F3C5B0073284622261E2CDF4234C7 --verbose /Users/user2/Library/Developer/Xcode/DerivedData/Hermes-gayrmdhfnqltfgffycgkcqztcdfv/Build/Products/Release/Hermes.app/Contents/PlugIns/HermesTests.xctest/Contents/Frameworks/libswiftsimd.dylib
Probing signature of /Users/user2/Library/Developer/Xcode/DerivedData/Hermes-gayrmdhfnqltfgffycgkcqztcdfv/Build/Products/Release/Hermes.app/Contents/PlugIns/HermesTests.xctest/Contents/Frameworks/libswiftsimd.dylib
/usr/bin/codesign -r- --display /Users/user2/Library/Developer/Xcode/DerivedData/Hermes-gayrmdhfnqltfgffycgkcqztcdfv/Build/Products/Release/Hermes.app/Contents/PlugIns/HermesTests.xctest/Contents/Frameworks/libswiftsimd.dylib
Code signature of /Users/user2/Library/Developer/Xcode/DerivedData/Hermes-gayrmdhfnqltfgffycgkcqztcdfv/Build/Products/Release/Hermes.app/Contents/PlugIns/HermesTests.xctest/Contents/Frameworks/libswiftsimd.dylib is unchanged; keeping original
Probing signature of /Users/user2/Library/Developer/Xcode/DerivedData/Hermes-gayrmdhfnqltfgffycgkcqztcdfv/Build/Products/Release/Hermes.app/Contents/PlugIns/HermesTests.xctest/Contents/Frameworks/libswiftFoundation.dylib
/usr/bin/codesign -r- --display /Users/user2/Library/Developer/Xcode/DerivedData/Hermes-gayrmdhfnqltfgffycgkcqztcdfv/Build/Products/Release/Hermes.app/Contents/PlugIns/HermesTests.xctest/Contents/Frameworks/libswiftFoundation.dylib
Probing signature of /Users/user2/Library/Developer/Xcode/DerivedData/Hermes-gayrmdhfnqltfgffycgkcqztcdfv/Build/Products/Release/Hermes.app/Contents/PlugIns/HermesTests.xctest/Contents/Frameworks/libswiftCoreImage.dylib
/usr/bin/codesign -r- --display /Users/user2/Library/Developer/Xcode/DerivedData/Hermes-gayrmdhfnqltfgffycgkcqztcdfv/Build/Products/Release/Hermes.app/Contents/PlugIns/HermesTests.xctest/Contents/Frameworks/libswiftCoreImage.dylib
Probing signature of /Users/user2/Library/Developer/Xcode/DerivedData/Hermes-gayrmdhfnqltfgffycgkcqztcdfv/Build/Products/Release/Hermes.app/Contents/PlugIns/HermesTests.xctest/Contents/Frameworks/libswiftIOKit.dylib
/usr/bin/codesign -r- --display /Users/user2/Library/Developer/Xcode/DerivedData/Hermes-gayrmdhfnqltfgffycgkcqztcdfv/Build/Products/Release/Hermes.app/Contents/PlugIns/HermesTests.xctest/Contents/Frameworks/libswiftIOKit.dylib
Probing signature of /Users/user2/Library/Developer/Xcode/DerivedData/Hermes-gayrmdhfnqltfgffycgkcqztcdfv/Build/Products/Release/Hermes.app/Contents/PlugIns/HermesTests.xctest/Contents/Frameworks/libswiftos.dylib
/usr/bin/codesign -r- --display /Users/user2/Library/Developer/Xcode/DerivedData/Hermes-gayrmdhfnqltfgffycgkcqztcdfv/Build/Products/Release/Hermes.app/Contents/PlugIns/HermesTests.xctest/Contents/Frameworks/libswiftos.dylib
Probing signature of /Users/user2/Library/Developer/Xcode/DerivedData/Hermes-gayrmdhfnqltfgffycgkcqztcdfv/Build/Products/Release/Hermes.app/Contents/PlugIns/HermesTests.xctest/Contents/Frameworks/libswiftXPC.dylib
/usr/bin/codesign -r- --display /Users/user2/Library/Developer/Xcode/DerivedData/Hermes-gayrmdhfnqltfgffycgkcqztcdfv/Build/Products/Release/Hermes.app/Contents/PlugIns/HermesTests.xctest/Contents/Frameworks/libswiftXPC.dylib
Probing signature of /Users/user2/Library/Developer/Xcode/DerivedData/Hermes-gayrmdhfnqltfgffycgkcqztcdfv/Build/Products/Release/Hermes.app/Contents/PlugIns/HermesTests.xctest/Contents/Frameworks/libswift_Concurrency.dylib
/usr/bin/codesign -r- --display /Users/user2/Library/Developer/Xcode/DerivedData/Hermes-gayrmdhfnqltfgffycgkcqztcdfv/Build/Products/Release/Hermes.app/Contents/PlugIns/HermesTests.xctest/Contents/Frameworks/libswift_Concurrency.dylib
Probing signature of /Users/user2/Library/Developer/Xcode/DerivedData/Hermes-gayrmdhfnqltfgffycgkcqztcdfv/Build/Products/Release/Hermes.app/Contents/PlugIns/HermesTests.xctest/Contents/Frameworks/libswiftDarwin.dylib
/usr/bin/codesign -r- --display /Users/user2/Library/Developer/Xcode/DerivedData/Hermes-gayrmdhfnqltfgffycgkcqztcdfv/Build/Products/Release/Hermes.app/Contents/PlugIns/HermesTests.xctest/Contents/Frameworks/libswiftDarwin.dylib
Probing signature of /Users/user2/Library/Developer/Xcode/DerivedData/Hermes-gayrmdhfnqltfgffycgkcqztcdfv/Build/Products/Release/Hermes.app/Contents/PlugIns/HermesTests.xctest/Contents/Frameworks/libswiftCoreFoundation.dylib
/usr/bin/codesign -r- --display /Users/user2/Library/Developer/Xcode/DerivedData/Hermes-gayrmdhfnqltfgffycgkcqztcdfv/Build/Products/Release/Hermes.app/Contents/PlugIns/HermesTests.xctest/Contents/Frameworks/libswiftCoreFoundation.dylib
Probing signature of /Users/user2/Library/Developer/Xcode/DerivedData/Hermes-gayrmdhfnqltfgffycgkcqztcdfv/Build/Products/Release/Hermes.app/Contents/PlugIns/HermesTests.xctest/Contents/Frameworks/libswiftQuartzCore.dylib
/usr/bin/codesign -r- --display /Users/user2/Library/Developer/Xcode/DerivedData/Hermes-gayrmdhfnqltfgffycgkcqztcdfv/Build/Products/Release/Hermes.app/Contents/PlugIns/HermesTests.xctest/Contents/Frameworks/libswiftQuartzCore.dylib
Probing signature of /Users/user2/Library/Developer/Xcode/DerivedData/Hermes-gayrmdhfnqltfgffycgkcqztcdfv/Build/Products/Release/Hermes.app/Contents/PlugIns/HermesTests.xctest/Contents/Frameworks/libswiftObjectiveC.dylib
/usr/bin/codesign -r- --display /Users/user2/Library/Developer/Xcode/DerivedData/Hermes-gayrmdhfnqltfgffycgkcqztcdfv/Build/Products/Release/Hermes.app/Contents/PlugIns/HermesTests.xctest/Contents/Frameworks/libswiftObjectiveC.dylib
Probing signature of /Users/user2/Library/Developer/Xcode/DerivedData/Hermes-gayrmdhfnqltfgffycgkcqztcdfv/Build/Products/Release/Hermes.app/Contents/PlugIns/HermesTests.xctest/Contents/Frameworks/libswiftCoreGraphics.dylib
/usr/bin/codesign -r- --display /Users/user2/Library/Developer/Xcode/DerivedData/Hermes-gayrmdhfnqltfgffycgkcqztcdfv/Build/Products/Release/Hermes.app/Contents/PlugIns/HermesTests.xctest/Contents/Frameworks/libswiftCoreGraphics.dylib
Probing signature of /Users/user2/Library/Developer/Xcode/DerivedData/Hermes-gayrmdhfnqltfgffycgkcqztcdfv/Build/Products/Release/Hermes.app/Contents/PlugIns/HermesTests.xctest/Contents/Frameworks/libswiftDispatch.dylib
/usr/bin/codesign -r- --display /Users/user2/Library/Developer/Xcode/DerivedData/Hermes-gayrmdhfnqltfgffycgkcqztcdfv/Build/Products/Release/Hermes.app/Contents/PlugIns/HermesTests.xctest/Contents/Frameworks/libswiftDispatch.dylib
Probing signature of /Users/user2/Library/Developer/Xcode/DerivedData/Hermes-gayrmdhfnqltfgffycgkcqztcdfv/Build/Products/Release/Hermes.app/Contents/PlugIns/HermesTests.xctest/Contents/Frameworks/libswiftMetal.dylib
/usr/bin/codesign -r- --display /Users/user2/Library/Developer/Xcode/DerivedData/Hermes-gayrmdhfnqltfgffycgkcqztcdfv/Build/Products/Release/Hermes.app/Contents/PlugIns/HermesTests.xctest/Contents/Frameworks/libswiftMetal.dylib
Probing signature of /Users/user2/Library/Developer/Xcode/DerivedData/Hermes-gayrmdhfnqltfgffycgkcqztcdfv/Build/Products/Release/Hermes.app/Contents/PlugIns/HermesTests.xctest/Contents/Frameworks/libswiftCore.dylib
/usr/bin/codesign -r- --display /Users/user2/Library/Developer/Xcode/DerivedData/Hermes-gayrmdhfnqltfgffycgkcqztcdfv/Build/Products/Release/Hermes.app/Contents/PlugIns/HermesTests.xctest/Contents/Frameworks/libswiftCore.dylib
Codesigning /Users/user2/Library/Developer/Xcode/DerivedData/Hermes-gayrmdhfnqltfgffycgkcqztcdfv/Build/Products/Release/Hermes.app/Contents/PlugIns/HermesTests.xctest/Contents/Frameworks/libswiftIOKit.dylib
/usr/bin/codesign --force --sign 7A8F39217C1F3C5B0073284622261E2CDF4234C7 --verbose /Users/user2/Library/Developer/Xcode/DerivedData/Hermes-gayrmdhfnqltfgffycgkcqztcdfv/Build/Products/Release/Hermes.app/Contents/PlugIns/HermesTests.xctest/Contents/Frameworks/libswiftIOKit.dylib
Codesigning /Users/user2/Library/Developer/Xcode/DerivedData/Hermes-gayrmdhfnqltfgffycgkcqztcdfv/Build/Products/Release/Hermes.app/Contents/PlugIns/HermesTests.xctest/Contents/Frameworks/libswift_Concurrency.dylib
/usr/bin/codesign --force --sign 7A8F39217C1F3C5B0073284622261E2CDF4234C7 --verbose /Users/user2/Library/Developer/Xcode/DerivedData/Hermes-gayrmdhfnqltfgffycgkcqztcdfv/Build/Products/Release/Hermes.app/Contents/PlugIns/HermesTests.xctest/Contents/Frameworks/libswift_Concurrency.dylib
Codesigning /Users/user2/Library/Developer/Xcode/DerivedData/Hermes-gayrmdhfnqltfgffycgkcqztcdfv/Build/Products/Release/Hermes.app/Contents/PlugIns/HermesTests.xctest/Contents/Frameworks/libswiftCoreImage.dylib
/usr/bin/codesign --force --sign 7A8F39217C1F3C5B0073284622261E2CDF4234C7 --verbose /Users/user2/Library/Developer/Xcode/DerivedData/Hermes-gayrmdhfnqltfgffycgkcqztcdfv/Build/Products/Release/Hermes.app/Contents/PlugIns/HermesTests.xctest/Contents/Frameworks/libswiftCoreImage.dylib
Codesigning /Users/user2/Library/Developer/Xcode/DerivedData/Hermes-gayrmdhfnqltfgffycgkcqztcdfv/Build/Products/Release/Hermes.app/Contents/PlugIns/HermesTests.xctest/Contents/Frameworks/libswiftFoundation.dylib
/usr/bin/codesign --force --sign 7A8F39217C1F3C5B0073284622261E2CDF4234C7 --verbose /Users/user2/Library/Developer/Xcode/DerivedData/Hermes-gayrmdhfnqltfgffycgkcqztcdfv/Build/Products/Release/Hermes.app/Contents/PlugIns/HermesTests.xctest/Contents/Frameworks/libswiftFoundation.dylib
Codesigning /Users/user2/Library/Developer/Xcode/DerivedData/Hermes-gayrmdhfnqltfgffycgkcqztcdfv/Build/Products/Release/Hermes.app/Contents/PlugIns/HermesTests.xctest/Contents/Frameworks/libswiftCoreFoundation.dylib
/usr/bin/codesign --force --sign 7A8F39217C1F3C5B0073284622261E2CDF4234C7 --verbose /Users/user2/Library/Developer/Xcode/DerivedData/Hermes-gayrmdhfnqltfgffycgkcqztcdfv/Build/Products/Release/Hermes.app/Contents/PlugIns/HermesTests.xctest/Contents/Frameworks/libswiftCoreFoundation.dylib
Codesigning /Users/user2/Library/Developer/Xcode/DerivedData/Hermes-gayrmdhfnqltfgffycgkcqztcdfv/Build/Products/Release/Hermes.app/Contents/PlugIns/HermesTests.xctest/Contents/Frameworks/libswiftQuartzCore.dylib
/usr/bin/codesign --force --sign 7A8F39217C1F3C5B0073284622261E2CDF4234C7 --verbose /Users/user2/Library/Developer/Xcode/DerivedData/Hermes-gayrmdhfnqltfgffycgkcqztcdfv/Build/Products/Release/Hermes.app/Contents/PlugIns/HermesTests.xctest/Contents/Frameworks/libswiftQuartzCore.dylib
Codesigning /Users/user2/Library/Developer/Xcode/DerivedData/Hermes-gayrmdhfnqltfgffycgkcqztcdfv/Build/Products/Release/Hermes.app/Contents/PlugIns/HermesTests.xctest/Contents/Frameworks/libswiftos.dylib
/usr/bin/codesign --force --sign 7A8F39217C1F3C5B0073284622261E2CDF4234C7 --verbose /Users/user2/Library/Developer/Xcode/DerivedData/Hermes-gayrmdhfnqltfgffycgkcqztcdfv/Build/Products/Release/Hermes.app/Contents/PlugIns/HermesTests.xctest/Contents/Frameworks/libswiftos.dylib
Codesigning /Users/user2/Library/Developer/Xcode/DerivedData/Hermes-gayrmdhfnqltfgffycgkcqztcdfv/Build/Products/Release/Hermes.app/Contents/PlugIns/HermesTests.xctest/Contents/Frameworks/libswiftCoreGraphics.dylib
/usr/bin/codesign --force --sign 7A8F39217C1F3C5B0073284622261E2CDF4234C7 --verbose /Users/user2/Library/Developer/Xcode/DerivedData/Hermes-gayrmdhfnqltfgffycgkcqztcdfv/Build/Products/Release/Hermes.app/Contents/PlugIns/HermesTests.xctest/Contents/Frameworks/libswiftCoreGraphics.dylib
Codesigning /Users/user2/Library/Developer/Xcode/DerivedData/Hermes-gayrmdhfnqltfgffycgkcqztcdfv/Build/Products/Release/Hermes.app/Contents/PlugIns/HermesTests.xctest/Contents/Frameworks/libswiftDarwin.dylib
/usr/bin/codesign --force --sign 7A8F39217C1F3C5B0073284622261E2CDF4234C7 --verbose /Users/user2/Library/Developer/Xcode/DerivedData/Hermes-gayrmdhfnqltfgffycgkcqztcdfv/Build/Products/Release/Hermes.app/Contents/PlugIns/HermesTests.xctest/Contents/Frameworks/libswiftDarwin.dylib
Codesigning /Users/user2/Library/Developer/Xcode/DerivedData/Hermes-gayrmdhfnqltfgffycgkcqztcdfv/Build/Products/Release/Hermes.app/Contents/PlugIns/HermesTests.xctest/Contents/Frameworks/libswiftXPC.dylib
/usr/bin/codesign --force --sign 7A8F39217C1F3C5B0073284622261E2CDF4234C7 --verbose /Users/user2/Library/Developer/Xcode/DerivedData/Hermes-gayrmdhfnqltfgffycgkcqztcdfv/Build/Products/Release/Hermes.app/Contents/PlugIns/HermesTests.xctest/Contents/Frameworks/libswiftXPC.dylib
Codesigning /Users/user2/Library/Developer/Xcode/DerivedData/Hermes-gayrmdhfnqltfgffycgkcqztcdfv/Build/Products/Release/Hermes.app/Contents/PlugIns/HermesTests.xctest/Contents/Frameworks/libswiftMetal.dylib
/usr/bin/codesign --force --sign 7A8F39217C1F3C5B0073284622261E2CDF4234C7 --verbose /Users/user2/Library/Developer/Xcode/DerivedData/Hermes-gayrmdhfnqltfgffycgkcqztcdfv/Build/Products/Release/Hermes.app/Contents/PlugIns/HermesTests.xctest/Contents/Frameworks/libswiftMetal.dylib
Codesigning /Users/user2/Library/Developer/Xcode/DerivedData/Hermes-gayrmdhfnqltfgffycgkcqztcdfv/Build/Products/Release/Hermes.app/Contents/PlugIns/HermesTests.xctest/Contents/Frameworks/libswiftObjectiveC.dylib
/usr/bin/codesign --force --sign 7A8F39217C1F3C5B0073284622261E2CDF4234C7 --verbose /Users/user2/Library/Developer/Xcode/DerivedData/Hermes-gayrmdhfnqltfgffycgkcqztcdfv/Build/Products/Release/Hermes.app/Contents/PlugIns/HermesTests.xctest/Contents/Frameworks/libswiftObjectiveC.dylib
Codesigning /Users/user2/Library/Developer/Xcode/DerivedData/Hermes-gayrmdhfnqltfgffycgkcqztcdfv/Build/Products/Release/Hermes.app/Contents/PlugIns/HermesTests.xctest/Contents/Frameworks/libswiftDispatch.dylib
/usr/bin/codesign --force --sign 7A8F39217C1F3C5B0073284622261E2CDF4234C7 --verbose /Users/user2/Library/Developer/Xcode/DerivedData/Hermes-gayrmdhfnqltfgffycgkcqztcdfv/Build/Products/Release/Hermes.app/Contents/PlugIns/HermesTests.xctest/Contents/Frameworks/libswiftDispatch.dylib
Codesigning /Users/user2/Library/Developer/Xcode/DerivedData/Hermes-gayrmdhfnqltfgffycgkcqztcdfv/Build/Products/Release/Hermes.app/Contents/PlugIns/HermesTests.xctest/Contents/Frameworks/libswiftCore.dylib
/usr/bin/codesign --force --sign 7A8F39217C1F3C5B0073284622261E2CDF4234C7 --verbose /Users/user2/Library/Developer/Xcode/DerivedData/Hermes-gayrmdhfnqltfgffycgkcqztcdfv/Build/Products/Release/Hermes.app/Contents/PlugIns/HermesTests.xctest/Contents/Frameworks/libswiftCore.dylib
Probing signature of /Users/user2/Library/Developer/Xcode/DerivedData/Hermes-gayrmdhfnqltfgffycgkcqztcdfv/Build/Products/Release/Hermes.app/Contents/PlugIns/HermesTests.xctest/Contents/Frameworks/libswiftCoreImage.dylib
/usr/bin/codesign -r- --display /Users/user2/Library/Developer/Xcode/DerivedData/Hermes-gayrmdhfnqltfgffycgkcqztcdfv/Build/Products/Release/Hermes.app/Contents/PlugIns/HermesTests.xctest/Contents/Frameworks/libswiftCoreImage.dylib
Probing signature of /Users/user2/Library/Developer/Xcode/DerivedData/Hermes-gayrmdhfnqltfgffycgkcqztcdfv/Build/Products/Release/Hermes.app/Contents/PlugIns/HermesTests.xctest/Contents/Frameworks/libswiftIOKit.dylib
/usr/bin/codesign -r- --display /Users/user2/Library/Developer/Xcode/DerivedData/Hermes-gayrmdhfnqltfgffycgkcqztcdfv/Build/Products/Release/Hermes.app/Contents/PlugIns/HermesTests.xctest/Contents/Frameworks/libswiftIOKit.dylib
Code signature of /Users/user2/Library/Developer/Xcode/DerivedData/Hermes-gayrmdhfnqltfgffycgkcqztcdfv/Build/Products/Release/Hermes.app/Contents/PlugIns/HermesTests.xctest/Contents/Frameworks/libswiftCoreImage.dylib is unchanged; keeping original
Code signature of /Users/user2/Library/Developer/Xcode/DerivedData/Hermes-gayrmdhfnqltfgffycgkcqztcdfv/Build/Products/Release/Hermes.app/Contents/PlugIns/HermesTests.xctest/Contents/Frameworks/libswiftIOKit.dylib is unchanged; keeping original
Probing signature of /Users/user2/Library/Developer/Xcode/DerivedData/Hermes-gayrmdhfnqltfgffycgkcqztcdfv/Build/Products/Release/Hermes.app/Contents/PlugIns/HermesTests.xctest/Contents/Frameworks/libswiftCoreFoundation.dylib
/usr/bin/codesign -r- --display /Users/user2/Library/Developer/Xcode/DerivedData/Hermes-gayrmdhfnqltfgffycgkcqztcdfv/Build/Products/Release/Hermes.app/Contents/PlugIns/HermesTests.xctest/Contents/Frameworks/libswiftCoreFoundation.dylib
Code signature of /Users/user2/Library/Developer/Xcode/DerivedData/Hermes-gayrmdhfnqltfgffycgkcqztcdfv/Build/Products/Release/Hermes.app/Contents/PlugIns/HermesTests.xctest/Contents/Frameworks/libswiftCoreFoundation.dylib is unchanged; keeping original
Probing signature of /Users/user2/Library/Developer/Xcode/DerivedData/Hermes-gayrmdhfnqltfgffycgkcqztcdfv/Build/Products/Release/Hermes.app/Contents/PlugIns/HermesTests.xctest/Contents/Frameworks/libswiftXPC.dylib
/usr/bin/codesign -r- --display /Users/user2/Library/Developer/Xcode/DerivedData/Hermes-gayrmdhfnqltfgffycgkcqztcdfv/Build/Products/Release/Hermes.app/Contents/PlugIns/HermesTests.xctest/Contents/Frameworks/libswiftXPC.dylib
Code signature of /Users/user2/Library/Developer/Xcode/DerivedData/Hermes-gayrmdhfnqltfgffycgkcqztcdfv/Build/Products/Release/Hermes.app/Contents/PlugIns/HermesTests.xctest/Contents/Frameworks/libswiftXPC.dylib is unchanged; keeping original
Probing signature of /Users/user2/Library/Developer/Xcode/DerivedData/Hermes-gayrmdhfnqltfgffycgkcqztcdfv/Build/Products/Release/Hermes.app/Contents/PlugIns/HermesTests.xctest/Contents/Frameworks/libswift_Concurrency.dylib
/usr/bin/codesign -r- --display /Users/user2/Library/Developer/Xcode/DerivedData/Hermes-gayrmdhfnqltfgffycgkcqztcdfv/Build/Products/Release/Hermes.app/Contents/PlugIns/HermesTests.xctest/Contents/Frameworks/libswift_Concurrency.dylib
Probing signature of /Users/user2/Library/Developer/Xcode/DerivedData/Hermes-gayrmdhfnqltfgffycgkcqztcdfv/Build/Products/Release/Hermes.app/Contents/PlugIns/HermesTests.xctest/Contents/Frameworks/libswiftFoundation.dylib
/usr/bin/codesign -r- --display /Users/user2/Library/Developer/Xcode/DerivedData/Hermes-gayrmdhfnqltfgffycgkcqztcdfv/Build/Products/Release/Hermes.app/Contents/PlugIns/HermesTests.xctest/Contents/Frameworks/libswiftFoundation.dylib
Probing signature of /Users/user2/Library/Developer/Xcode/DerivedData/Hermes-gayrmdhfnqltfgffycgkcqztcdfv/Build/Products/Release/Hermes.app/Contents/PlugIns/HermesTests.xctest/Contents/Frameworks/libswiftDarwin.dylib
/usr/bin/codesign -r- --display /Users/user2/Library/Developer/Xcode/DerivedData/Hermes-gayrmdhfnqltfgffycgkcqztcdfv/Build/Products/Release/Hermes.app/Contents/PlugIns/HermesTests.xctest/Contents/Frameworks/libswiftDarwin.dylib
Code signature of /Users/user2/Library/Developer/Xcode/DerivedData/Hermes-gayrmdhfnqltfgffycgkcqztcdfv/Build/Products/Release/Hermes.app/Contents/PlugIns/HermesTests.xctest/Contents/Frameworks/libswift_Concurrency.dylib is unchanged; keeping original
Code signature of /Users/user2/Library/Developer/Xcode/DerivedData/Hermes-gayrmdhfnqltfgffycgkcqztcdfv/Build/Products/Release/Hermes.app/Contents/PlugIns/HermesTests.xctest/Contents/Frameworks/libswiftFoundation.dylib is unchanged; keeping original
Code signature of /Users/user2/Library/Developer/Xcode/DerivedData/Hermes-gayrmdhfnqltfgffycgkcqztcdfv/Build/Products/Release/Hermes.app/Contents/PlugIns/HermesTests.xctest/Contents/Frameworks/libswiftDarwin.dylib is unchanged; keeping original
Probing signature of /Users/user2/Library/Developer/Xcode/DerivedData/Hermes-gayrmdhfnqltfgffycgkcqztcdfv/Build/Products/Release/Hermes.app/Contents/PlugIns/HermesTests.xctest/Contents/Frameworks/libswiftos.dylib
/usr/bin/codesign -r- --display /Users/user2/Library/Developer/Xcode/DerivedData/Hermes-gayrmdhfnqltfgffycgkcqztcdfv/Build/Products/Release/Hermes.app/Contents/PlugIns/HermesTests.xctest/Contents/Frameworks/libswiftos.dylib
Probing signature of /Users/user2/Library/Developer/Xcode/DerivedData/Hermes-gayrmdhfnqltfgffycgkcqztcdfv/Build/Products/Release/Hermes.app/Contents/PlugIns/HermesTests.xctest/Contents/Frameworks/libswiftQuartzCore.dylib
/usr/bin/codesign -r- --display /Users/user2/Library/Developer/Xcode/DerivedData/Hermes-gayrmdhfnqltfgffycgkcqztcdfv/Build/Products/Release/Hermes.app/Contents/PlugIns/HermesTests.xctest/Contents/Frameworks/libswiftQuartzCore.dylib
Probing signature of /Users/user2/Library/Developer/Xcode/DerivedData/Hermes-gayrmdhfnqltfgffycgkcqztcdfv/Build/Products/Release/Hermes.app/Contents/PlugIns/HermesTests.xctest/Contents/Frameworks/libswiftCoreGraphics.dylib
/usr/bin/codesign -r- --display /Users/user2/Library/Developer/Xcode/DerivedData/Hermes-gayrmdhfnqltfgffycgkcqztcdfv/Build/Products/Release/Hermes.app/Contents/PlugIns/HermesTests.xctest/Contents/Frameworks/libswiftCoreGraphics.dylib
Probing signature of /Users/user2/Library/Developer/Xcode/DerivedData/Hermes-gayrmdhfnqltfgffycgkcqztcdfv/Build/Products/Release/Hermes.app/Contents/PlugIns/HermesTests.xctest/Contents/Frameworks/libswiftObjectiveC.dylib
/usr/bin/codesign -r- --display /Users/user2/Library/Developer/Xcode/DerivedData/Hermes-gayrmdhfnqltfgffycgkcqztcdfv/Build/Products/Release/Hermes.app/Contents/PlugIns/HermesTests.xctest/Contents/Frameworks/libswiftObjectiveC.dylib
Probing signature of /Users/user2/Library/Developer/Xcode/DerivedData/Hermes-gayrmdhfnqltfgffycgkcqztcdfv/Build/Products/Release/Hermes.app/Contents/PlugIns/HermesTests.xctest/Contents/Frameworks/libswiftDispatch.dylib
/usr/bin/codesign -r- --display /Users/user2/Library/Developer/Xcode/DerivedData/Hermes-gayrmdhfnqltfgffycgkcqztcdfv/Build/Products/Release/Hermes.app/Contents/PlugIns/HermesTests.xctest/Contents/Frameworks/libswiftDispatch.dylib
Probing signature of /Users/user2/Library/Developer/Xcode/DerivedData/Hermes-gayrmdhfnqltfgffycgkcqztcdfv/Build/Products/Release/Hermes.app/Contents/PlugIns/HermesTests.xctest/Contents/Frameworks/libswiftMetal.dylib
/usr/bin/codesign -r- --display /Users/user2/Library/Developer/Xcode/DerivedData/Hermes-gayrmdhfnqltfgffycgkcqztcdfv/Build/Products/Release/Hermes.app/Contents/PlugIns/HermesTests.xctest/Contents/Frameworks/libswiftMetal.dylib
Code signature of /Users/user2/Library/Developer/Xcode/DerivedData/Hermes-gayrmdhfnqltfgffycgkcqztcdfv/Build/Products/Release/Hermes.app/Contents/PlugIns/HermesTests.xctest/Contents/Frameworks/libswiftQuartzCore.dylib is unchanged; keeping original
Code signature of /Users/user2/Library/Developer/Xcode/DerivedData/Hermes-gayrmdhfnqltfgffycgkcqztcdfv/Build/Products/Release/Hermes.app/Contents/PlugIns/HermesTests.xctest/Contents/Frameworks/libswiftos.dylib is unchanged; keeping original
Probing signature of /Users/user2/Library/Developer/Xcode/DerivedData/Hermes-gayrmdhfnqltfgffycgkcqztcdfv/Build/Products/Release/Hermes.app/Contents/PlugIns/HermesTests.xctest/Contents/Frameworks/libswiftCore.dylib
/usr/bin/codesign -r- --display /Users/user2/Library/Developer/Xcode/DerivedData/Hermes-gayrmdhfnqltfgffycgkcqztcdfv/Build/Products/Release/Hermes.app/Contents/PlugIns/HermesTests.xctest/Contents/Frameworks/libswiftCore.dylib
Code signature of /Users/user2/Library/Developer/Xcode/DerivedData/Hermes-gayrmdhfnqltfgffycgkcqztcdfv/Build/Products/Release/Hermes.app/Contents/PlugIns/HermesTests.xctest/Contents/Frameworks/libswiftCoreGraphics.dylib is unchanged; keeping original
Code signature of /Users/user2/Library/Developer/Xcode/DerivedData/Hermes-gayrmdhfnqltfgffycgkcqztcdfv/Build/Products/Release/Hermes.app/Contents/PlugIns/HermesTests.xctest/Contents/Frameworks/libswiftObjectiveC.dylib is unchanged; keeping original
Code signature of /Users/user2/Library/Developer/Xcode/DerivedData/Hermes-gayrmdhfnqltfgffycgkcqztcdfv/Build/Products/Release/Hermes.app/Contents/PlugIns/HermesTests.xctest/Contents/Frameworks/libswiftDispatch.dylib is unchanged; keeping original
Code signature of /Users/user2/Library/Developer/Xcode/DerivedData/Hermes-gayrmdhfnqltfgffycgkcqztcdfv/Build/Products/Release/Hermes.app/Contents/PlugIns/HermesTests.xctest/Contents/Frameworks/libswiftMetal.dylib is unchanged; keeping original
Code signature of /Users/user2/Library/Developer/Xcode/DerivedData/Hermes-gayrmdhfnqltfgffycgkcqztcdfv/Build/Products/Release/Hermes.app/Contents/PlugIns/HermesTests.xctest/Contents/Frameworks/libswiftCore.dylib is unchanged; keeping original

GenerateDSYMFile /Users/user2/Library/Developer/Xcode/DerivedData/Hermes-gayrmdhfnqltfgffycgkcqztcdfv/Build/Products/Release/Hermes.app/Contents/PlugIns/HermesTests.xctest.dSYM /Users/user2/Library/Developer/Xcode/DerivedData/Hermes-gayrmdhfnqltfgffycgkcqztcdfv/Build/Products/Release/Hermes.app/Contents/PlugIns/HermesTests.xctest/Contents/MacOS/HermesTests (in target 'HermesTests' from project 'Hermes')
    cd /Users/user2/Downloads/PersonalProgAppsWorking/Hermes-master
    /Applications/Xcode.app/Contents/Developer/Toolchains/XcodeDefault.xctoolchain/usr/bin/dsymutil /Users/user2/Library/Developer/Xcode/DerivedData/Hermes-gayrmdhfnqltfgffycgkcqztcdfv/Build/Products/Release/Hermes.app/Contents/PlugIns/HermesTests.xctest/Contents/MacOS/HermesTests -o /Users/user2/Library/Developer/Xcode/DerivedData/Hermes-gayrmdhfnqltfgffycgkcqztcdfv/Build/Products/Release/Hermes.app/Contents/PlugIns/HermesTests.xctest.dSYM

CodeSign /Users/user2/Library/Developer/Xcode/DerivedData/Hermes-gayrmdhfnqltfgffycgkcqztcdfv/Build/Products/Release/Hermes.app/Contents/PlugIns/HermesTests.xctest (in target 'HermesTests' from project 'Hermes')
    cd /Users/user2/Downloads/PersonalProgAppsWorking/Hermes-master
    
    Signing Identity:     "Apple Development: David Seto (QN66F622R4)"
    
    /usr/bin/codesign --force --sign 7A8F39217C1F3C5B0073284622261E2CDF4234C7 --timestamp\=none --generate-entitlement-der /Users/user2/Library/Developer/Xcode/DerivedData/Hermes-gayrmdhfnqltfgffycgkcqztcdfv/Build/Products/Release/Hermes.app/Contents/PlugIns/HermesTests.xctest

CodeSign /Users/user2/Library/Developer/Xcode/DerivedData/Hermes-gayrmdhfnqltfgffycgkcqztcdfv/Build/Products/Release/Hermes.app (in target 'Hermes' from project 'Hermes')
    cd /Users/user2/Downloads/PersonalProgAppsWorking/Hermes-master
    
    Signing Identity:     "Sign to Run Locally"
    
    /usr/bin/codesign --force --sign - -o runtime --entitlements /Users/user2/Library/Developer/Xcode/DerivedData/Hermes-gayrmdhfnqltfgffycgkcqztcdfv/Build/Intermediates.noindex/Hermes.build/Release/Hermes.build/Hermes.app.xcent --timestamp\=none --generate-entitlement-der /Users/user2/Library/Developer/Xcode/DerivedData/Hermes-gayrmdhfnqltfgffycgkcqztcdfv/Build/Products/Release/Hermes.app

Validate /Users/user2/Library/Developer/Xcode/DerivedData/Hermes-gayrmdhfnqltfgffycgkcqztcdfv/Build/Products/Release/Hermes.app (in target 'Hermes' from project 'Hermes')
    cd /Users/user2/Downloads/PersonalProgAppsWorking/Hermes-master
    builtin-validationUtility /Users/user2/Library/Developer/Xcode/DerivedData/Hermes-gayrmdhfnqltfgffycgkcqztcdfv/Build/Products/Release/Hermes.app -no-validate-extension -infoplist-subpath Contents/Info.plist

RegisterWithLaunchServices /Users/user2/Library/Developer/Xcode/DerivedData/Hermes-gayrmdhfnqltfgffycgkcqztcdfv/Build/Products/Release/Hermes.app (in target 'Hermes' from project 'Hermes')
    cd /Users/user2/Downloads/PersonalProgAppsWorking/Hermes-master
    /System/Library/Frameworks/CoreServices.framework/Versions/Current/Frameworks/LaunchServices.framework/Versions/Current/Support/lsregister -f -R -trusted /Users/user2/Library/Developer/Xcode/DerivedData/Hermes-gayrmdhfnqltfgffycgkcqztcdfv/Build/Products/Release/Hermes.app

note: Disabling previews because SWIFT_VERSION is set and SWIFT_OPTIMIZATION_LEVEL=-O, expected -Onone (in target 'HermesTests' from project 'Hermes')
2025-11-16 19:32:47.119 xcodebuild[69329:2097064] [MT] IDETestOperationsObserverDebug: 819.632 elapsed -- Testing started completed.
2025-11-16 19:32:47.119 xcodebuild[69329:2097064] [MT] IDETestOperationsObserverDebug: 0.000 sec, +0.000 sec -- start
2025-11-16 19:32:47.119 xcodebuild[69329:2097064] [MT] IDETestOperationsObserverDebug: 819.632 sec, +819.632 sec -- end

Test session results, code coverage, and logs:
	/Users/user2/Library/Developer/Xcode/DerivedData/Hermes-gayrmdhfnqltfgffycgkcqztcdfv/Logs/Test/Test-HermesTests-2025.11.16_19-18-58--0800.xcresult

Testing failed:
	Hermes (69611) encountered an error (Early unexpected exit, operation never finished bootstrapping - no restart will be attempted. (Underlying Error: Test crashed with signal term.))
	Hermes (69420) encountered an error (Early unexpected exit, operation never finished bootstrapping - no restart will be attempted. (Underlying Error: Test crashed with signal term.))

Failing tests:
	-[ASPlaylistRetryTests testPlaylistEmitsErrorAfterRetriesExhausted]

** TEST FAILED **

Testing started
Test suite 'ASPlaylistRetryTests' started on 'My Mac - Hermes (69414)'
Test case '-[ASPlaylistRetryTests testPlaylistEmitsErrorAfterRetriesExhausted]' failed on 'My Mac - Hermes (69414)' (3.149 seconds)
                                                                                                                                                                                                                                                                                                                                                                                                                                                                                                                                                                                                                                                         2025-11-16 19:32:47.053 xcodebuild[68375:2109375]  IDETestOperationsObserverDebug: Failure collecting logarchive: Error Domain=NSCocoaErrorDomain Code=4 "â€œtest-session-systemlogs-2025.11.16_18-23-51--0800.logarchiveâ€ couldnâ€™t be moved to â€œMy Mac_00008103-001E249E2130801Eâ€ because either the former doesnâ€™t exist, or the folder containing the latter doesnâ€™t exist." UserInfo={NSSourceFilePathErrorKey=/var/tmp/test-session-systemlogs-2025.11.16_18-23-51--0800.logarchive, NSUserStringVariant=(
    Move
), NSDestinationFilePath=/Users/user2/Library/Developer/Xcode/DerivedData/Hermes-gayrmdhfnqltfgffycgkcqztcdfv/Logs/Test/Test-HermesTests-2025.11.16_18-23-51--0800.xcresult/Staging/1_Test/Diagnostics/My Mac_00008103-001E249E2130801E/test-session-systemlogs-2025.11.16_18-23-51--0800.logarchive, NSFilePath=/var/tmp/test-session-systemlogs-2025.11.16_18-23-51--0800.logarchive, NSURL=file:///var/tmp/test-session-systemlogs-2025.11.16_18-23-51--0800.logarchive, NSUnderlyingError=0x600003ee9a40 {Error Domain=NSPOSIXErrorDomain Code=2 "No such file or directory"}}
2025-11-16 19:32:47.119 xcodebuild[68375:2063844] [MT] IDETesting: Failed to construct test run summaries and write them to the result bundle: fileSystemFailure(reason: "mkstemp: No such file or directory")
2025-11-16 19:32:47.120 xcodebuild[68375:2063844] [MT] IDETestOperationsObserverDebug: 4130.524 elapsed -- Testing started completed.
2025-11-16 19:32:47.120 xcodebuild[68375:2063844] [MT] IDETestOperationsObserverDebug: 0.000 sec, +0.000 sec -- start
2025-11-16 19:32:47.120 xcodebuild[68375:2063844] [MT] IDETestOperationsObserverDebug: 4130.524 sec, +4130.524 sec -- end
2025-11-16 19:32:47.339 xcodebuild[68375:2063844] [MT] IDEResultKit: Warning: While writing a result bundle to /Users/user2/Library/Developer/Xcode/DerivedData/Hermes-gayrmdhfnqltfgffycgkcqztcdfv/Logs/Test/Test-HermesTests-2025.11.16_18-23-51--0800.xcresult, not all contents have been imported, as the Staging directory still contains the following files/directories: ["1_Test"]
2025-11-16 19:32:47.344 xcodebuild[68375:2063844] [MT] IDETesting: Result bundle saving failed with error: Error Domain=IDEFoundationErrorDomain Code=12 "The result bundle could not be saved due to multiple errors: failed to import activity log, underlying error: fileSystemFailure(reason: "mkstemp: No such file or directory"), The operation couldnâ€™t be completed. (CASDB.FileBackedCASDatabase.Error error 0.)" UserInfo={NSLocalizedDescription=The result bundle could not be saved due to multiple errors: failed to import activity log, underlying error: fileSystemFailure(reason: "mkstemp: No such file or directory"), The operation couldnâ€™t be completed. (CASDB.FileBackedCASDatabase.Error error 0.), NSUnderlyingError=0x60000158bf00 {Error Domain=IDEFoundation.ResultBundleError Code=2 "failed to import activity log, underlying error: fileSystemFailure(reason: "mkstemp: No such file or directory")"}}.

Test session results, code coverage, and logs:
	/Users/user2/Library/Developer/Xcode/DerivedData/Hermes-gayrmdhfnqltfgffycgkcqztcdfv/Logs/Test/Test-HermesTests-2025.11.16_18-23-51--0800.xcresult

Testing failed:
	Hermes (69610) encountered an error (Early unexpected exit, operation never finished bootstrapping - no restart will be attempted. (Underlying Error: Test crashed with signal term.))
	Hermes (68478) encountered an error (Early unexpected exit, operation never finished bootstrapping - no restart will be attempted. (Underlying Error: Test crashed with signal term.))

Failing tests:
	-[ASPlaylistRetryTests testPlaylistEmitsErrorAfterRetriesExhausted]

** TEST FAILED **

Testing started
Test suite 'ASPlaylistRetryTests' started on 'My Mac - Hermes (68476)'
Test case '-[ASPlaylistRetryTests testPlaylistEmitsErrorAfterRetriesExhausted]' failed on 'My Mac - Hermes (68476)' (3.298 seconds)
